{"/home/travis/build/npmtest/node-npmtest-must/test.js":{"path":"/home/travis/build/npmtest/node-npmtest-must/test.js","s":{"1":2,"2":2,"3":2,"4":2,"5":2,"6":2,"7":2,"8":1,"9":2,"10":2,"11":1,"12":1,"13":1,"14":1,"15":2,"16":2,"17":2,"18":2,"19":1,"20":1,"21":2,"22":2,"23":2,"24":1,"25":1,"26":1,"27":1,"28":1,"29":1,"30":1,"31":1,"32":1,"33":1,"34":1,"35":1,"36":1,"37":1,"38":1,"39":2,"40":2,"41":1,"42":2,"43":2,"44":1,"45":2,"46":2,"47":1,"48":2,"49":2,"50":1,"51":1,"52":1,"53":1,"54":1},"b":{"1":[2,1,1,1],"2":[1,1,1,1],"3":[1,1],"4":[1,1],"5":[1,1],"6":[1,1],"7":[1,1],"8":[1,1],"9":[1,1],"10":[1,1,1],"11":[1,1],"12":[1,1],"13":[1,1],"14":[1,1],"15":[1,1],"16":[1,1],"17":[1,1]},"f":{"1":2,"2":2,"3":2,"4":2,"5":2,"6":1,"7":1,"8":1,"9":2,"10":2,"11":2,"12":2,"13":1},"fnMap":{"1":{"name":"(anonymous_1)","line":12,"loc":{"start":{"line":12,"column":1},"end":{"line":12,"column":13}}},"2":{"name":"(anonymous_2)","line":19,"loc":{"start":{"line":19,"column":5},"end":{"line":19,"column":17}}},"3":{"name":"(anonymous_3)","line":23,"loc":{"start":{"line":23,"column":24},"end":{"line":23,"column":36}}},"4":{"name":"(anonymous_4)","line":61,"loc":{"start":{"line":61,"column":5},"end":{"line":61,"column":17}}},"5":{"name":"(anonymous_5)","line":82,"loc":{"start":{"line":82,"column":5},"end":{"line":82,"column":17}}},"6":{"name":"(anonymous_6)","line":91,"loc":{"start":{"line":91,"column":77},"end":{"line":94,"column":10}}},"7":{"name":"(anonymous_7)","line":112,"loc":{"start":{"line":112,"column":83},"end":{"line":115,"column":10}},"skip":true},"8":{"name":"(anonymous_8)","line":123,"loc":{"start":{"line":123,"column":77},"end":{"line":126,"column":10}},"skip":true},"9":{"name":"(anonymous_9)","line":139,"loc":{"start":{"line":139,"column":12},"end":{"line":139,"column":40}},"skip":true},"10":{"name":"(anonymous_10)","line":147,"loc":{"start":{"line":147,"column":77},"end":{"line":150,"column":10}},"skip":true},"11":{"name":"(anonymous_11)","line":158,"loc":{"start":{"line":158,"column":83},"end":{"line":161,"column":10}},"skip":true},"12":{"name":"(anonymous_12)","line":169,"loc":{"start":{"line":169,"column":79},"end":{"line":172,"column":10}},"skip":true},"13":{"name":"(anonymous_13)","line":180,"loc":{"start":{"line":180,"column":75},"end":{"line":183,"column":10}},"skip":true}},"statementMap":{"1":{"start":{"line":12,"column":0},"end":{"line":195,"column":5}},"2":{"start":{"line":14,"column":4},"end":{"line":14,"column":14}},"3":{"start":{"line":19,"column":4},"end":{"line":56,"column":9}},"4":{"start":{"line":21,"column":8},"end":{"line":21,"column":19}},"5":{"start":{"line":23,"column":8},"end":{"line":35,"column":13}},"6":{"start":{"line":24,"column":12},"end":{"line":34,"column":13}},"7":{"start":{"line":25,"column":16},"end":{"line":28,"column":30}},"8":{"start":{"line":30,"column":16},"end":{"line":33,"column":27}},"9":{"start":{"line":37,"column":8},"end":{"line":39,"column":21}},"10":{"start":{"line":40,"column":8},"end":{"line":53,"column":9}},"11":{"start":{"line":43,"column":12},"end":{"line":46,"column":14}},"12":{"start":{"line":47,"column":12},"end":{"line":47,"column":18}},"13":{"start":{"line":50,"column":12},"end":{"line":51,"column":46}},"14":{"start":{"line":52,"column":12},"end":{"line":52,"column":18}},"15":{"start":{"line":55,"column":8},"end":{"line":55,"column":35}},"16":{"start":{"line":61,"column":4},"end":{"line":63,"column":9}},"17":{"start":{"line":62,"column":8},"end":{"line":62,"column":15}},"18":{"start":{"line":64,"column":4},"end":{"line":77,"column":5}},"19":{"start":{"line":70,"column":8},"end":{"line":70,"column":14}},"20":{"start":{"line":76,"column":8},"end":{"line":76,"column":14}},"21":{"start":{"line":82,"column":4},"end":{"line":84,"column":9}},"22":{"start":{"line":83,"column":8},"end":{"line":83,"column":15}},"23":{"start":{"line":85,"column":4},"end":{"line":194,"column":5}},"24":{"start":{"line":91,"column":8},"end":{"line":99,"column":10}},"25":{"start":{"line":98,"column":12},"end":{"line":98,"column":35}},"26":{"start":{"line":102,"column":8},"end":{"line":104,"column":63}},"27":{"start":{"line":105,"column":8},"end":{"line":105,"column":14}},"28":{"start":{"line":112,"column":8},"end":{"line":121,"column":10},"skip":true},"29":{"start":{"line":119,"column":12},"end":{"line":119,"column":55},"skip":true},"30":{"start":{"line":120,"column":12},"end":{"line":120,"column":48},"skip":true},"31":{"start":{"line":123,"column":8},"end":{"line":136,"column":10},"skip":true},"32":{"start":{"line":130,"column":12},"end":{"line":130,"column":76},"skip":true},"33":{"start":{"line":131,"column":12},"end":{"line":131,"column":73},"skip":true},"34":{"start":{"line":132,"column":12},"end":{"line":132,"column":74},"skip":true},"35":{"start":{"line":133,"column":12},"end":{"line":133,"column":79},"skip":true},"36":{"start":{"line":134,"column":12},"end":{"line":134,"column":25},"skip":true},"37":{"start":{"line":135,"column":12},"end":{"line":135,"column":45},"skip":true},"38":{"start":{"line":138,"column":8},"end":{"line":145,"column":14},"skip":true},"39":{"start":{"line":143,"column":16},"end":{"line":143,"column":29},"skip":true},"40":{"start":{"line":144,"column":16},"end":{"line":144,"column":55},"skip":true},"41":{"start":{"line":147,"column":8},"end":{"line":156,"column":10},"skip":true},"42":{"start":{"line":154,"column":12},"end":{"line":154,"column":25},"skip":true},"43":{"start":{"line":155,"column":12},"end":{"line":155,"column":45},"skip":true},"44":{"start":{"line":158,"column":8},"end":{"line":167,"column":10},"skip":true},"45":{"start":{"line":165,"column":12},"end":{"line":165,"column":25},"skip":true},"46":{"start":{"line":166,"column":12},"end":{"line":166,"column":48},"skip":true},"47":{"start":{"line":169,"column":8},"end":{"line":178,"column":10},"skip":true},"48":{"start":{"line":176,"column":12},"end":{"line":176,"column":25},"skip":true},"49":{"start":{"line":177,"column":12},"end":{"line":177,"column":46},"skip":true},"50":{"start":{"line":180,"column":8},"end":{"line":189,"column":10},"skip":true},"51":{"start":{"line":187,"column":12},"end":{"line":187,"column":94},"skip":true},"52":{"start":{"line":188,"column":12},"end":{"line":188,"column":48},"skip":true},"53":{"start":{"line":192,"column":8},"end":{"line":192,"column":35},"skip":true},"54":{"start":{"line":193,"column":8},"end":{"line":193,"column":14},"skip":true}},"branchMap":{"1":{"line":25,"type":"binary-expr","locations":[{"start":{"line":25,"column":23},"end":{"line":25,"column":62}},{"start":{"line":26,"column":20},"end":{"line":26,"column":70}},{"start":{"line":27,"column":20},"end":{"line":27,"column":71}},{"start":{"line":28,"column":20},"end":{"line":28,"column":29}}]},"2":{"line":30,"type":"binary-expr","locations":[{"start":{"line":30,"column":23},"end":{"line":30,"column":37}},{"start":{"line":31,"column":20},"end":{"line":31,"column":61}},{"start":{"line":32,"column":20},"end":{"line":32,"column":70}},{"start":{"line":33,"column":20},"end":{"line":33,"column":26}}]},"3":{"line":37,"type":"cond-expr","locations":[{"start":{"line":38,"column":14},"end":{"line":38,"column":20}},{"start":{"line":39,"column":14},"end":{"line":39,"column":20}}]},"4":{"line":40,"type":"switch","locations":[{"start":{"line":42,"column":8},"end":{"line":47,"column":18}},{"start":{"line":49,"column":8},"end":{"line":52,"column":18}}]},"5":{"line":44,"type":"binary-expr","locations":[{"start":{"line":44,"column":16},"end":{"line":44,"column":44}},{"start":{"line":44,"column":48},"end":{"line":44,"column":66}}]},"6":{"line":50,"type":"binary-expr","locations":[{"start":{"line":50,"column":21},"end":{"line":50,"column":49}},{"start":{"line":50,"column":53},"end":{"line":50,"column":72}}]},"7":{"line":64,"type":"switch","locations":[{"start":{"line":69,"column":4},"end":{"line":70,"column":14}},{"start":{"line":75,"column":4},"end":{"line":76,"column":14}}]},"8":{"line":85,"type":"switch","locations":[{"start":{"line":90,"column":4},"end":{"line":105,"column":14}},{"start":{"line":111,"column":4},"end":{"line":193,"column":14},"skip":true}]},"9":{"line":91,"type":"binary-expr","locations":[{"start":{"line":91,"column":42},"end":{"line":91,"column":73}},{"start":{"line":91,"column":77},"end":{"line":99,"column":9}}]},"10":{"line":102,"type":"binary-expr","locations":[{"start":{"line":102,"column":18},"end":{"line":102,"column":32}},{"start":{"line":103,"column":12},"end":{"line":103,"column":53}},{"start":{"line":104,"column":12},"end":{"line":104,"column":61}}]},"11":{"line":112,"type":"binary-expr","locations":[{"start":{"line":112,"column":45},"end":{"line":112,"column":79},"skip":true},{"start":{"line":112,"column":83},"end":{"line":121,"column":9},"skip":true}]},"12":{"line":123,"type":"binary-expr","locations":[{"start":{"line":123,"column":42},"end":{"line":123,"column":73},"skip":true},{"start":{"line":123,"column":77},"end":{"line":136,"column":9},"skip":true}]},"13":{"line":138,"type":"binary-expr","locations":[{"start":{"line":138,"column":48},"end":{"line":138,"column":85},"skip":true},{"start":{"line":139,"column":12},"end":{"line":145,"column":13},"skip":true}]},"14":{"line":147,"type":"binary-expr","locations":[{"start":{"line":147,"column":42},"end":{"line":147,"column":73},"skip":true},{"start":{"line":147,"column":77},"end":{"line":156,"column":9},"skip":true}]},"15":{"line":158,"type":"binary-expr","locations":[{"start":{"line":158,"column":45},"end":{"line":158,"column":79},"skip":true},{"start":{"line":158,"column":83},"end":{"line":167,"column":9},"skip":true}]},"16":{"line":169,"type":"binary-expr","locations":[{"start":{"line":169,"column":43},"end":{"line":169,"column":75},"skip":true},{"start":{"line":169,"column":79},"end":{"line":178,"column":9},"skip":true}]},"17":{"line":180,"type":"binary-expr","locations":[{"start":{"line":180,"column":41},"end":{"line":180,"column":71},"skip":true},{"start":{"line":180,"column":75},"end":{"line":189,"column":9},"skip":true}]}},"code":["/* istanbul instrument in package npmtest_must */","/*jslint","    bitwise: true,","    browser: true,","    maxerr: 8,","    maxlen: 96,","    node: true,","    nomen: true,","    regexp: true,","    stupid: true","*/","(function () {","    'use strict';","    var local;","","","","    // run shared js-env code - pre-init","    (function () {","        // init local","        local = {};","        // init modeJs","        local.modeJs = (function () {","            try {","                return typeof navigator.userAgent === 'string' &&","                    typeof document.querySelector('body') === 'object' &&","                    typeof XMLHttpRequest.prototype.open === 'function' &&","                    'browser';","            } catch (errorCaughtBrowser) {","                return module.exports &&","                    typeof process.versions.node === 'string' &&","                    typeof require('http').createServer === 'function' &&","                    'node';","            }","        }());","        // init global","        local.global = local.modeJs === 'browser'","            ? window","            : global;","        switch (local.modeJs) {","        // re-init local from window.local","        case 'browser':","            local = local.global.utility2.objectSetDefault(","                local.global.utility2_rollup || local.global.local,","                local.global.utility2","            );","            break;","        // re-init local from example.js","        case 'node':","            local = (local.global.utility2_rollup || require('utility2'))","                .requireExampleJsFromReadme();","            break;","        }","        // export local","        local.global.local = local;","    }());","","","","    // run shared js-env code - function","    (function () {","        return;","    }());","    switch (local.modeJs) {","","","","    // run browser js-env code - function","    case 'browser':","        break;","","","","    // run node js-env code - function","    case 'node':","        break;","    }","","","","    // run shared js-env code - post-init","    (function () {","        return;","    }());","    switch (local.modeJs) {","","","","    // run browser js-env code - post-init","    case 'browser':","        local.testCase_browser_nullCase = local.testCase_browser_nullCase || function (","            options,","            onError","        ) {","        /*","         * this function will test browsers's null-case handling-behavior-behavior","         */","            onError(null, options);","        };","","        // run tests","        local.nop(local.modeTest &&","            document.querySelector('#testRunButton1') &&","            document.querySelector('#testRunButton1').click());","        break;","","","","    // run node js-env code - post-init","    /* istanbul ignore next */","    case 'node':","        local.testCase_buildApidoc_default = local.testCase_buildApidoc_default || function (","            options,","            onError","        ) {","        /*","         * this function will test buildApidoc's default handling-behavior-behavior","         */","            options = { modulePathList: module.paths };","            local.buildApidoc(options, onError);","        };","","        local.testCase_buildApp_default = local.testCase_buildApp_default || function (","            options,","            onError","        ) {","        /*","         * this function will test buildApp's default handling-behavior-behavior","         */","            local.testCase_buildReadme_default(options, local.onErrorThrow);","            local.testCase_buildLib_default(options, local.onErrorThrow);","            local.testCase_buildTest_default(options, local.onErrorThrow);","            local.testCase_buildCustomOrg_default(options, local.onErrorThrow);","            options = [];","            local.buildApp(options, onError);","        };","","        local.testCase_buildCustomOrg_default = local.testCase_buildCustomOrg_default ||","            function (options, onError) {","            /*","             * this function will test buildCustomOrg's default handling-behavior","             */","                options = {};","                local.buildCustomOrg(options, onError);","            };","","        local.testCase_buildLib_default = local.testCase_buildLib_default || function (","            options,","            onError","        ) {","        /*","         * this function will test buildLib's default handling-behavior","         */","            options = {};","            local.buildLib(options, onError);","        };","","        local.testCase_buildReadme_default = local.testCase_buildReadme_default || function (","            options,","            onError","        ) {","        /*","         * this function will test buildReadme's default handling-behavior-behavior","         */","            options = {};","            local.buildReadme(options, onError);","        };","","        local.testCase_buildTest_default = local.testCase_buildTest_default || function (","            options,","            onError","        ) {","        /*","         * this function will test buildTest's default handling-behavior","         */","            options = {};","            local.buildTest(options, onError);","        };","","        local.testCase_webpage_default = local.testCase_webpage_default || function (","            options,","            onError","        ) {","        /*","         * this function will test webpage's default handling-behavior","         */","            options = { modeCoverageMerge: true, url: local.serverLocalHost + '?modeTest=1' };","            local.browserTest(options, onError);","        };","","        // run test-server","        local.testRunServer(local);","        break;","    }","}());",""],"l":{"12":2,"14":2,"19":2,"21":2,"23":2,"24":2,"25":2,"30":1,"37":2,"40":2,"43":1,"47":1,"50":1,"52":1,"55":2,"61":2,"62":2,"64":2,"70":1,"76":1,"82":2,"83":2,"85":2,"91":1,"98":1,"102":1,"105":1,"112":1,"119":1,"120":1,"123":1,"130":1,"131":1,"132":1,"133":1,"134":1,"135":1,"138":1,"143":2,"144":2,"147":1,"154":2,"155":2,"158":1,"165":2,"166":2,"169":1,"176":2,"177":2,"180":1,"187":1,"188":1,"192":1,"193":1}},"/home/travis/build/npmtest/node-npmtest-must/lib.npmtest_must.js":{"path":"/home/travis/build/npmtest/node-npmtest-must/lib.npmtest_must.js","s":{"1":2,"2":2,"3":2,"4":2,"5":2,"6":2,"7":2,"8":1,"9":2,"10":2,"11":2,"12":2,"13":1,"14":1,"15":1,"16":1},"b":{"1":[2,1,1,1],"2":[1,1,1,1],"3":[1,1],"4":[2,2],"5":[1,1]},"f":{"1":2,"2":2,"3":2},"fnMap":{"1":{"name":"(anonymous_1)","line":12,"loc":{"start":{"line":12,"column":1},"end":{"line":12,"column":13}}},"2":{"name":"(anonymous_2)","line":19,"loc":{"start":{"line":19,"column":5},"end":{"line":19,"column":17}}},"3":{"name":"(anonymous_3)","line":23,"loc":{"start":{"line":23,"column":24},"end":{"line":23,"column":36}}}},"statementMap":{"1":{"start":{"line":12,"column":0},"end":{"line":53,"column":5}},"2":{"start":{"line":14,"column":4},"end":{"line":14,"column":14}},"3":{"start":{"line":19,"column":4},"end":{"line":52,"column":9}},"4":{"start":{"line":21,"column":8},"end":{"line":21,"column":19}},"5":{"start":{"line":23,"column":8},"end":{"line":35,"column":13}},"6":{"start":{"line":24,"column":12},"end":{"line":34,"column":13}},"7":{"start":{"line":25,"column":16},"end":{"line":28,"column":30}},"8":{"start":{"line":30,"column":16},"end":{"line":33,"column":27}},"9":{"start":{"line":37,"column":8},"end":{"line":39,"column":21}},"10":{"start":{"line":41,"column":8},"end":{"line":41,"column":54}},"11":{"start":{"line":43,"column":8},"end":{"line":43,"column":49}},"12":{"start":{"line":45,"column":8},"end":{"line":51,"column":9}},"13":{"start":{"line":46,"column":12},"end":{"line":46,"column":55}},"14":{"start":{"line":48,"column":12},"end":{"line":48,"column":35}},"15":{"start":{"line":49,"column":12},"end":{"line":49,"column":49}},"16":{"start":{"line":50,"column":12},"end":{"line":50,"column":43}}},"branchMap":{"1":{"line":25,"type":"binary-expr","locations":[{"start":{"line":25,"column":23},"end":{"line":25,"column":62}},{"start":{"line":26,"column":20},"end":{"line":26,"column":70}},{"start":{"line":27,"column":20},"end":{"line":27,"column":71}},{"start":{"line":28,"column":20},"end":{"line":28,"column":29}}]},"2":{"line":30,"type":"binary-expr","locations":[{"start":{"line":30,"column":23},"end":{"line":30,"column":37}},{"start":{"line":31,"column":20},"end":{"line":31,"column":61}},{"start":{"line":32,"column":20},"end":{"line":32,"column":70}},{"start":{"line":33,"column":20},"end":{"line":33,"column":26}}]},"3":{"line":37,"type":"cond-expr","locations":[{"start":{"line":38,"column":14},"end":{"line":38,"column":20}},{"start":{"line":39,"column":14},"end":{"line":39,"column":20}}]},"4":{"line":41,"type":"binary-expr","locations":[{"start":{"line":41,"column":16},"end":{"line":41,"column":44}},{"start":{"line":41,"column":48},"end":{"line":41,"column":53}}]},"5":{"line":45,"type":"if","locations":[{"start":{"line":45,"column":8},"end":{"line":45,"column":8}},{"start":{"line":45,"column":8},"end":{"line":45,"column":8}}]}},"code":["/* istanbul instrument in package npmtest_must */","/*jslint","    bitwise: true,","    browser: true,","    maxerr: 8,","    maxlen: 96,","    node: true,","    nomen: true,","    regexp: true,","    stupid: true","*/","(function () {","    'use strict';","    var local;","","","","    // run shared js-env code - pre-init","    (function () {","        // init local","        local = {};","        // init modeJs","        local.modeJs = (function () {","            try {","                return typeof navigator.userAgent === 'string' &&","                    typeof document.querySelector('body') === 'object' &&","                    typeof XMLHttpRequest.prototype.open === 'function' &&","                    'browser';","            } catch (errorCaughtBrowser) {","                return module.exports &&","                    typeof process.versions.node === 'string' &&","                    typeof require('http').createServer === 'function' &&","                    'node';","            }","        }());","        // init global","        local.global = local.modeJs === 'browser'","            ? window","            : global;","        // init utility2_rollup","        local = local.global.utility2_rollup || local;","        // init lib","        local.local = local.npmtest_must = local;","        // init exports","        if (local.modeJs === 'browser') {","            local.global.utility2_npmtest_must = local;","        } else {","            module.exports = local;","            module.exports.__dirname = __dirname;","            module.exports.module = module;","        }","    }());","}());",""],"l":{"12":2,"14":2,"19":2,"21":2,"23":2,"24":2,"25":2,"30":1,"37":2,"41":2,"43":2,"45":2,"46":1,"48":1,"49":1,"50":1}},"/home/travis/build/npmtest/node-npmtest-must/example.js":{"path":"/home/travis/build/npmtest/node-npmtest-must/example.js","s":{"1":2,"2":2,"3":2,"4":2,"5":2,"6":2,"7":2,"8":1,"9":2,"10":2,"11":2,"12":2,"13":1,"14":2,"15":2,"16":2,"17":2,"18":2,"19":0,"20":2,"21":1,"22":1,"23":1,"24":1,"25":1,"26":0,"27":0,"28":1,"29":1,"30":2,"31":0,"32":0,"33":0,"34":1,"35":2,"36":2,"37":3,"38":3,"39":3,"40":3,"41":0,"42":3,"43":3,"44":3,"45":1,"46":3,"47":1,"48":1,"49":1,"50":1,"51":1,"52":1,"53":1,"54":1,"55":1,"56":1,"57":0,"58":1,"59":6,"60":6,"61":1,"62":2,"63":0,"64":2,"65":1,"66":1,"67":0,"68":0,"69":0,"70":0,"71":0,"72":0,"73":0,"74":0,"75":0,"76":0,"77":0,"78":0,"79":0,"80":0,"81":0,"82":0,"83":0},"b":{"1":[2,1,1,1],"2":[1,1,1,1],"3":[1,1],"4":[2,2],"5":[1,1],"6":[1,1],"7":[2,0],"8":[2,1,1,1,1,1],"9":[0,2,0],"10":[1,1],"11":[2,1,1],"12":[1,0],"13":[0,2],"14":[2,0,0,0,0,0,0],"15":[0,3],"16":[3,0],"17":[1,1],"18":[0,1],"19":[1,2,0,2],"20":[1,0],"21":[1,1],"22":[0,0],"23":[0,0],"24":[0,0],"25":[0,0],"26":[0,0],"27":[0,0],"28":[0,0]},"f":{"1":2,"2":2,"3":2,"4":2,"5":2,"6":2,"7":3,"8":3,"9":3,"10":1,"11":6,"12":0},"fnMap":{"1":{"name":"(anonymous_1)","line":26,"loc":{"start":{"line":26,"column":1},"end":{"line":26,"column":13}}},"2":{"name":"(anonymous_2)","line":33,"loc":{"start":{"line":33,"column":5},"end":{"line":33,"column":17}}},"3":{"name":"(anonymous_3)","line":37,"loc":{"start":{"line":37,"column":24},"end":{"line":37,"column":36}}},"4":{"name":"(anonymous_4)","line":69,"loc":{"start":{"line":69,"column":31},"end":{"line":69,"column":48}},"skip":true},"5":{"name":"(anonymous_5)","line":78,"loc":{"start":{"line":78,"column":26},"end":{"line":78,"column":45}},"skip":true},"6":{"name":"(anonymous_6)","line":123,"loc":{"start":{"line":123,"column":33},"end":{"line":123,"column":48}},"skip":true},"7":{"name":"(anonymous_7)","line":125,"loc":{"start":{"line":125,"column":27},"end":{"line":125,"column":39}},"skip":true},"8":{"name":"(anonymous_8)","line":133,"loc":{"start":{"line":133,"column":59},"end":{"line":133,"column":74}},"skip":true},"9":{"name":"(anonymous_9)","line":143,"loc":{"start":{"line":143,"column":45},"end":{"line":143,"column":62}},"skip":true},"10":{"name":"(anonymous_10)","line":144,"loc":{"start":{"line":144,"column":73},"end":{"line":144,"column":92}},"skip":true},"11":{"name":"(anonymous_11)","line":272,"loc":{"start":{"line":272,"column":51},"end":{"line":272,"column":77}},"skip":true},"12":{"name":"(anonymous_12)","line":315,"loc":{"start":{"line":315,"column":32},"end":{"line":315,"column":61}},"skip":true}},"statementMap":{"1":{"start":{"line":26,"column":0},"end":{"line":326,"column":5}},"2":{"start":{"line":28,"column":4},"end":{"line":28,"column":14}},"3":{"start":{"line":33,"column":4},"end":{"line":60,"column":9}},"4":{"start":{"line":35,"column":8},"end":{"line":35,"column":19}},"5":{"start":{"line":37,"column":8},"end":{"line":49,"column":13}},"6":{"start":{"line":38,"column":12},"end":{"line":48,"column":13}},"7":{"start":{"line":39,"column":16},"end":{"line":42,"column":30}},"8":{"start":{"line":44,"column":16},"end":{"line":47,"column":27}},"9":{"start":{"line":51,"column":8},"end":{"line":53,"column":21}},"10":{"start":{"line":55,"column":8},"end":{"line":57,"column":45}},"11":{"start":{"line":59,"column":8},"end":{"line":59,"column":35}},"12":{"start":{"line":61,"column":4},"end":{"line":325,"column":5}},"13":{"start":{"line":69,"column":8},"end":{"line":121,"column":10},"skip":true},"14":{"start":{"line":70,"column":12},"end":{"line":88,"column":13},"skip":true},"15":{"start":{"line":76,"column":16},"end":{"line":87,"column":19},"skip":true},"16":{"start":{"line":79,"column":20},"end":{"line":86,"column":21},"skip":true},"17":{"start":{"line":82,"column":24},"end":{"line":82,"column":43},"skip":true},"18":{"start":{"line":83,"column":24},"end":{"line":83,"column":30},"skip":true},"19":{"start":{"line":85,"column":24},"end":{"line":85,"column":49},"skip":true},"20":{"start":{"line":89,"column":12},"end":{"line":107,"column":13},"skip":true},"21":{"start":{"line":92,"column":16},"end":{"line":102,"column":17},"skip":true},"22":{"start":{"line":93,"column":20},"end":{"line":93,"column":86},"skip":true},"23":{"start":{"line":94,"column":20},"end":{"line":95,"column":45},"skip":true},"24":{"start":{"line":96,"column":20},"end":{"line":96,"column":42},"skip":true},"25":{"start":{"line":97,"column":20},"end":{"line":97,"column":48},"skip":true},"26":{"start":{"line":100,"column":20},"end":{"line":100,"column":85},"skip":true},"27":{"start":{"line":101,"column":20},"end":{"line":101,"column":96},"skip":true},"28":{"start":{"line":103,"column":16},"end":{"line":103,"column":22},"skip":true},"29":{"start":{"line":106,"column":16},"end":{"line":106,"column":22},"skip":true},"30":{"start":{"line":108,"column":12},"end":{"line":120,"column":13},"skip":true},"31":{"start":{"line":114,"column":16},"end":{"line":119,"column":17},"skip":true},"32":{"start":{"line":116,"column":20},"end":{"line":116,"column":78},"skip":true},"33":{"start":{"line":118,"column":20},"end":{"line":118,"column":47},"skip":true},"34":{"start":{"line":123,"column":8},"end":{"line":141,"column":11},"skip":true},"35":{"start":{"line":124,"column":12},"end":{"line":124,"column":54},"skip":true},"36":{"start":{"line":125,"column":12},"end":{"line":140,"column":14},"skip":true},"37":{"start":{"line":126,"column":16},"end":{"line":126,"column":28},"skip":true},"38":{"start":{"line":127,"column":16},"end":{"line":127,"column":69},"skip":true},"39":{"start":{"line":128,"column":16},"end":{"line":128,"column":75},"skip":true},"40":{"start":{"line":129,"column":16},"end":{"line":131,"column":17},"skip":true},"41":{"start":{"line":130,"column":20},"end":{"line":130,"column":27},"skip":true},"42":{"start":{"line":133,"column":16},"end":{"line":137,"column":36},"skip":true},"43":{"start":{"line":134,"column":20},"end":{"line":136,"column":55},"skip":true},"44":{"start":{"line":139,"column":16},"end":{"line":139,"column":57},"skip":true},"45":{"start":{"line":143,"column":8},"end":{"line":147,"column":11},"skip":true},"46":{"start":{"line":144,"column":12},"end":{"line":146,"column":15},"skip":true},"47":{"start":{"line":145,"column":16},"end":{"line":145,"column":70},"skip":true},"48":{"start":{"line":149,"column":8},"end":{"line":149,"column":31},"skip":true},"49":{"start":{"line":150,"column":8},"end":{"line":150,"column":14},"skip":true},"50":{"start":{"line":158,"column":8},"end":{"line":158,"column":31},"skip":true},"51":{"start":{"line":160,"column":8},"end":{"line":160,"column":33},"skip":true},"52":{"start":{"line":161,"column":8},"end":{"line":161,"column":37},"skip":true},"53":{"start":{"line":162,"column":8},"end":{"line":162,"column":35},"skip":true},"54":{"start":{"line":164,"column":8},"end":{"line":164,"column":50},"skip":true},"55":{"start":{"line":166,"column":8},"end":{"line":256,"column":2},"skip":true},"56":{"start":{"line":258,"column":8},"end":{"line":286,"column":9},"skip":true},"57":{"start":{"line":259,"column":12},"end":{"line":269,"column":14},"skip":true},"58":{"start":{"line":271,"column":12},"end":{"line":285,"column":19},"skip":true},"59":{"start":{"line":274,"column":20},"end":{"line":274,"column":35},"skip":true},"60":{"start":{"line":275,"column":20},"end":{"line":284,"column":21},"skip":true},"61":{"start":{"line":277,"column":24},"end":{"line":277,"column":64},"skip":true},"62":{"start":{"line":279,"column":24},"end":{"line":279,"column":40},"skip":true},"63":{"start":{"line":281,"column":24},"end":{"line":281,"column":40},"skip":true},"64":{"start":{"line":283,"column":24},"end":{"line":283,"column":39},"skip":true},"65":{"start":{"line":288,"column":8},"end":{"line":290,"column":9},"skip":true},"66":{"start":{"line":289,"column":12},"end":{"line":289,"column":18},"skip":true},"67":{"start":{"line":291,"column":8},"end":{"line":293,"column":54},"skip":true},"68":{"start":{"line":296,"column":8},"end":{"line":301,"column":37},"skip":true},"69":{"start":{"line":303,"column":8},"end":{"line":303,"column":82},"skip":true},"70":{"start":{"line":306,"column":8},"end":{"line":308,"column":9},"skip":true},"71":{"start":{"line":307,"column":12},"end":{"line":307,"column":82},"skip":true},"72":{"start":{"line":310,"column":8},"end":{"line":312,"column":9},"skip":true},"73":{"start":{"line":311,"column":12},"end":{"line":311,"column":18},"skip":true},"74":{"start":{"line":313,"column":8},"end":{"line":313,"column":54},"skip":true},"75":{"start":{"line":314,"column":8},"end":{"line":314,"column":69},"skip":true},"76":{"start":{"line":315,"column":8},"end":{"line":323,"column":36},"skip":true},"77":{"start":{"line":316,"column":12},"end":{"line":316,"column":61},"skip":true},"78":{"start":{"line":317,"column":12},"end":{"line":320,"column":13},"skip":true},"79":{"start":{"line":318,"column":16},"end":{"line":318,"column":75},"skip":true},"80":{"start":{"line":319,"column":16},"end":{"line":319,"column":23},"skip":true},"81":{"start":{"line":321,"column":12},"end":{"line":321,"column":38},"skip":true},"82":{"start":{"line":322,"column":12},"end":{"line":322,"column":27},"skip":true},"83":{"start":{"line":324,"column":8},"end":{"line":324,"column":14},"skip":true}},"branchMap":{"1":{"line":39,"type":"binary-expr","locations":[{"start":{"line":39,"column":23},"end":{"line":39,"column":62}},{"start":{"line":40,"column":20},"end":{"line":40,"column":70}},{"start":{"line":41,"column":20},"end":{"line":41,"column":71}},{"start":{"line":42,"column":20},"end":{"line":42,"column":29}}]},"2":{"line":44,"type":"binary-expr","locations":[{"start":{"line":44,"column":23},"end":{"line":44,"column":37}},{"start":{"line":45,"column":20},"end":{"line":45,"column":61}},{"start":{"line":46,"column":20},"end":{"line":46,"column":70}},{"start":{"line":47,"column":20},"end":{"line":47,"column":26}}]},"3":{"line":51,"type":"cond-expr","locations":[{"start":{"line":52,"column":14},"end":{"line":52,"column":20}},{"start":{"line":53,"column":14},"end":{"line":53,"column":20}}]},"4":{"line":55,"type":"binary-expr","locations":[{"start":{"line":55,"column":16},"end":{"line":55,"column":44}},{"start":{"line":55,"column":49},"end":{"line":57,"column":43}}]},"5":{"line":55,"type":"cond-expr","locations":[{"start":{"line":56,"column":14},"end":{"line":56,"column":48}},{"start":{"line":57,"column":14},"end":{"line":57,"column":43}}]},"6":{"line":61,"type":"switch","locations":[{"start":{"line":68,"column":4},"end":{"line":150,"column":14},"skip":true},{"start":{"line":156,"column":4},"end":{"line":324,"column":14},"skip":true}]},"7":{"line":70,"type":"if","locations":[{"start":{"line":70,"column":12},"end":{"line":70,"column":12},"skip":true},{"start":{"line":70,"column":12},"end":{"line":70,"column":12},"skip":true}]},"8":{"line":70,"type":"binary-expr","locations":[{"start":{"line":70,"column":16},"end":{"line":70,"column":22},"skip":true},{"start":{"line":70,"column":27},"end":{"line":70,"column":32},"skip":true},{"start":{"line":71,"column":20},"end":{"line":71,"column":39},"skip":true},{"start":{"line":72,"column":20},"end":{"line":72,"column":49},"skip":true},{"start":{"line":73,"column":20},"end":{"line":73,"column":58},"skip":true},{"start":{"line":74,"column":20},"end":{"line":74,"column":69},"skip":true}]},"9":{"line":79,"type":"switch","locations":[{"start":{"line":80,"column":20},"end":{"line":80,"column":33},"skip":true},{"start":{"line":81,"column":20},"end":{"line":83,"column":30},"skip":true},{"start":{"line":84,"column":20},"end":{"line":85,"column":49},"skip":true}]},"10":{"line":89,"type":"switch","locations":[{"start":{"line":90,"column":12},"end":{"line":103,"column":22},"skip":true},{"start":{"line":105,"column":12},"end":{"line":106,"column":22},"skip":true}]},"11":{"line":89,"type":"binary-expr","locations":[{"start":{"line":89,"column":20},"end":{"line":89,"column":25},"skip":true},{"start":{"line":89,"column":29},"end":{"line":89,"column":48},"skip":true},{"start":{"line":89,"column":52},"end":{"line":89,"column":74},"skip":true}]},"12":{"line":92,"type":"if","locations":[{"start":{"line":92,"column":16},"end":{"line":92,"column":16},"skip":true},{"start":{"line":92,"column":16},"end":{"line":92,"column":16},"skip":true}]},"13":{"line":108,"type":"if","locations":[{"start":{"line":108,"column":12},"end":{"line":108,"column":12},"skip":true},{"start":{"line":108,"column":12},"end":{"line":108,"column":12},"skip":true}]},"14":{"line":108,"type":"binary-expr","locations":[{"start":{"line":108,"column":16},"end":{"line":108,"column":61},"skip":true},{"start":{"line":108,"column":66},"end":{"line":108,"column":72},"skip":true},{"start":{"line":108,"column":77},"end":{"line":108,"column":82},"skip":true},{"start":{"line":109,"column":20},"end":{"line":109,"column":39},"skip":true},{"start":{"line":110,"column":20},"end":{"line":110,"column":49},"skip":true},{"start":{"line":111,"column":20},"end":{"line":111,"column":58},"skip":true},{"start":{"line":112,"column":20},"end":{"line":112,"column":68},"skip":true}]},"15":{"line":129,"type":"if","locations":[{"start":{"line":129,"column":16},"end":{"line":129,"column":16},"skip":true},{"start":{"line":129,"column":16},"end":{"line":129,"column":16},"skip":true}]},"16":{"line":134,"type":"cond-expr","locations":[{"start":{"line":135,"column":26},"end":{"line":135,"column":29},"skip":true},{"start":{"line":136,"column":26},"end":{"line":136,"column":54},"skip":true}]},"17":{"line":164,"type":"binary-expr","locations":[{"start":{"line":164,"column":27},"end":{"line":164,"column":43},"skip":true},{"start":{"line":164,"column":47},"end":{"line":164,"column":49},"skip":true}]},"18":{"line":258,"type":"if","locations":[{"start":{"line":258,"column":8},"end":{"line":258,"column":8},"skip":true},{"start":{"line":258,"column":8},"end":{"line":258,"column":8},"skip":true}]},"19":{"line":275,"type":"switch","locations":[{"start":{"line":276,"column":20},"end":{"line":277,"column":64},"skip":true},{"start":{"line":278,"column":20},"end":{"line":279,"column":40},"skip":true},{"start":{"line":280,"column":20},"end":{"line":281,"column":40},"skip":true},{"start":{"line":282,"column":20},"end":{"line":283,"column":39},"skip":true}]},"20":{"line":288,"type":"if","locations":[{"start":{"line":288,"column":8},"end":{"line":288,"column":8},"skip":true},{"start":{"line":288,"column":8},"end":{"line":288,"column":8},"skip":true}]},"21":{"line":288,"type":"binary-expr","locations":[{"start":{"line":288,"column":12},"end":{"line":288,"column":40},"skip":true},{"start":{"line":288,"column":44},"end":{"line":288,"column":67},"skip":true}]},"22":{"line":292,"type":"binary-expr","locations":[{"start":{"line":292,"column":12},"end":{"line":292,"column":50},"skip":true},{"start":{"line":293,"column":12},"end":{"line":293,"column":53},"skip":true}]},"23":{"line":297,"type":"binary-expr","locations":[{"start":{"line":297,"column":12},"end":{"line":297,"column":62},"skip":true},{"start":{"line":298,"column":12},"end":{"line":301,"column":36},"skip":true}]},"24":{"line":303,"type":"binary-expr","locations":[{"start":{"line":303,"column":43},"end":{"line":303,"column":75},"skip":true},{"start":{"line":303,"column":79},"end":{"line":303,"column":81},"skip":true}]},"25":{"line":306,"type":"if","locations":[{"start":{"line":306,"column":8},"end":{"line":306,"column":8},"skip":true},{"start":{"line":306,"column":8},"end":{"line":306,"column":8},"skip":true}]},"26":{"line":310,"type":"if","locations":[{"start":{"line":310,"column":8},"end":{"line":310,"column":8},"skip":true},{"start":{"line":310,"column":8},"end":{"line":310,"column":8},"skip":true}]},"27":{"line":313,"type":"binary-expr","locations":[{"start":{"line":313,"column":27},"end":{"line":313,"column":43},"skip":true},{"start":{"line":313,"column":47},"end":{"line":313,"column":53},"skip":true}]},"28":{"line":317,"type":"if","locations":[{"start":{"line":317,"column":12},"end":{"line":317,"column":12},"skip":true},{"start":{"line":317,"column":12},"end":{"line":317,"column":12},"skip":true}]}},"code":["/*","example.js","","quickstart example","","instruction","    1. save this script as example.js","    2. run the shell command:","        $ npm install npmtest-must && PORT=8081 node example.js","    3. play with the browser-demo on http://127.0.0.1:8081","*/","","","","/* istanbul instrument in package npmtest_must */","/*jslint","    bitwise: true,","    browser: true,","    maxerr: 8,","    maxlen: 96,","    node: true,","    nomen: true,","    regexp: true,","    stupid: true","*/","(function () {","    'use strict';","    var local;","","","","    // run shared js-env code - pre-init","    (function () {","        // init local","        local = {};","        // init modeJs","        local.modeJs = (function () {","            try {","                return typeof navigator.userAgent === 'string' &&","                    typeof document.querySelector('body') === 'object' &&","                    typeof XMLHttpRequest.prototype.open === 'function' &&","                    'browser';","            } catch (errorCaughtBrowser) {","                return module.exports &&","                    typeof process.versions.node === 'string' &&","                    typeof require('http').createServer === 'function' &&","                    'node';","            }","        }());","        // init global","        local.global = local.modeJs === 'browser'","            ? window","            : global;","        // init utility2_rollup","        local = local.global.utility2_rollup || (local.modeJs === 'browser'","            ? local.global.utility2_npmtest_must","            : global.utility2_moduleExports);","        // export local","        local.global.local = local;","    }());","    switch (local.modeJs) {","","","","    // post-init","    // run browser js-env code - post-init","    /* istanbul ignore next */","    case 'browser':","        local.testRunBrowser = function (event) {","            if (!event || (event &&","                    event.currentTarget &&","                    event.currentTarget.className &&","                    event.currentTarget.className.includes &&","                    event.currentTarget.className.includes('onreset'))) {","                // reset output","                Array.from(","                    document.querySelectorAll('body > .resettable')","                ).forEach(function (element) {","                    switch (element.tagName) {","                    case 'INPUT':","                    case 'TEXTAREA':","                        element.value = '';","                        break;","                    default:","                        element.textContent = '';","                    }","                });","            }","            switch (event && event.currentTarget && event.currentTarget.id) {","            case 'testRunButton1':","                // show tests","                if (document.querySelector('#testReportDiv1').style.display === 'none') {","                    document.querySelector('#testReportDiv1').style.display = 'block';","                    document.querySelector('#testRunButton1').textContent =","                        'hide internal test';","                    local.modeTest = true;","                    local.testRunDefault(local);","                // hide tests","                } else {","                    document.querySelector('#testReportDiv1').style.display = 'none';","                    document.querySelector('#testRunButton1').textContent = 'run internal test';","                }","                break;","            // custom-case","            default:","                break;","            }","            if (document.querySelector('#inputTextareaEval1') && (!event || (event &&","                    event.currentTarget &&","                    event.currentTarget.className &&","                    event.currentTarget.className.includes &&","                    event.currentTarget.className.includes('oneval')))) {","                // try to eval input-code","                try {","                    /*jslint evil: true*/","                    eval(document.querySelector('#inputTextareaEval1').value);","                } catch (errorCaught) {","                    console.error(errorCaught);","                }","            }","        };","        // log stderr and stdout to #outputTextareaStdout1","        ['error', 'log'].forEach(function (key) {","            console[key + '_original'] = console[key];","            console[key] = function () {","                var element;","                console[key + '_original'].apply(console, arguments);","                element = document.querySelector('#outputTextareaStdout1');","                if (!element) {","                    return;","                }","                // append text to #outputTextareaStdout1","                element.value += Array.from(arguments).map(function (arg) {","                    return typeof arg === 'string'","                        ? arg","                        : JSON.stringify(arg, null, 4);","                }).join(' ') + '\\n';","                // scroll textarea to bottom","                element.scrollTop = element.scrollHeight;","            };","        });","        // init event-handling","        ['change', 'click', 'keyup'].forEach(function (event) {","            Array.from(document.querySelectorAll('.on' + event)).forEach(function (element) {","                element.addEventListener(event, local.testRunBrowser);","            });","        });","        // run tests","        local.testRunBrowser();","        break;","","","","    // run node js-env code - post-init","    /* istanbul ignore next */","    case 'node':","        // export local","        module.exports = local;","        // require modules","        local.fs = require('fs');","        local.http = require('http');","        local.url = require('url');","        // init assets","        local.assetsDict = local.assetsDict || {};","        /* jslint-ignore-begin */","        local.assetsDict['/assets.index.template.html'] = '\\","<!doctype html>\\n\\","<html lang=\"en\">\\n\\","<head>\\n\\","<meta charset=\"UTF-8\">\\n\\","<meta name=\"viewport\" content=\"width=device-width, initial-scale=1\">\\n\\","<title>{{env.npm_package_name}} (v{{env.npm_package_version}})</title>\\n\\","<style>\\n\\","/*csslint\\n\\","    box-sizing: false,\\n\\","    universal-selector: false\\n\\","*/\\n\\","* {\\n\\","    box-sizing: border-box;\\n\\","}\\n\\","body {\\n\\","    background: #dde;\\n\\","    font-family: Arial, Helvetica, sans-serif;\\n\\","    margin: 2rem;\\n\\","}\\n\\","body > * {\\n\\","    margin-bottom: 1rem;\\n\\","}\\n\\",".utility2FooterDiv {\\n\\","    margin-top: 20px;\\n\\","    text-align: center;\\n\\","}\\n\\","</style>\\n\\","<style>\\n\\","/*csslint\\n\\","*/\\n\\","textarea {\\n\\","    font-family: monospace;\\n\\","    height: 10rem;\\n\\","    width: 100%;\\n\\","}\\n\\","textarea[readonly] {\\n\\","    background: #ddd;\\n\\","}\\n\\","</style>\\n\\","</head>\\n\\","<body>\\n\\","<!-- utility2-comment\\n\\","<div id=\"ajaxProgressDiv1\" style=\"background: #d00; height: 2px; left: 0; margin: 0; padding: 0; position: fixed; top: 0; transition: background 0.5s, width 1.5s; width: 25%;\"></div>\\n\\","utility2-comment -->\\n\\","<h1>\\n\\","<!-- utility2-comment\\n\\","    <a\\n\\","        {{#if env.npm_package_homepage}}\\n\\","        href=\"{{env.npm_package_homepage}}\"\\n\\","        {{/if env.npm_package_homepage}}\\n\\","        target=\"_blank\"\\n\\","    >\\n\\","utility2-comment -->\\n\\","        {{env.npm_package_name}} (v{{env.npm_package_version}})\\n\\","<!-- utility2-comment\\n\\","    </a>\\n\\","utility2-comment -->\\n\\","</h1>\\n\\","<h3>{{env.npm_package_description}}</h3>\\n\\","<!-- utility2-comment\\n\\","<h4><a download href=\"assets.app.js\">download standalone app</a></h4>\\n\\","<button class=\"onclick onreset\" id=\"testRunButton1\">run internal test</button><br>\\n\\","<div id=\"testReportDiv1\" style=\"display: none;\"></div>\\n\\","utility2-comment -->\\n\\","\\n\\","\\n\\","\\n\\","<label>stderr and stdout</label>\\n\\","<textarea class=\"resettable\" id=\"outputTextareaStdout1\" readonly></textarea>\\n\\","<!-- utility2-comment\\n\\","{{#if isRollup}}\\n\\","<script src=\"assets.app.js\"></script>\\n\\","{{#unless isRollup}}\\n\\","utility2-comment -->\\n\\","<script src=\"assets.utility2.rollup.js\"></script>\\n\\","<script src=\"jsonp.utility2._stateInit?callback=window.utility2._stateInit\"></script>\\n\\","<script src=\"assets.npmtest_must.rollup.js\"></script>\\n\\","<script src=\"assets.example.js\"></script>\\n\\","<script src=\"assets.test.js\"></script>\\n\\","<!-- utility2-comment\\n\\","{{/if isRollup}}\\n\\","utility2-comment -->\\n\\","<div class=\"utility2FooterDiv\">\\n\\","    [ this app was created with\\n\\","    <a href=\"https://github.com/kaizhu256/node-utility2\" target=\"_blank\">utility2</a>\\n\\","    ]\\n\\","</div>\\n\\","</body>\\n\\","</html>\\n\\","';","        /* jslint-ignore-end */","        if (local.templateRender) {","            local.assetsDict['/'] = local.templateRender(","                local.assetsDict['/assets.index.template.html'],","                {","                    env: local.objectSetDefault(local.env, {","                        npm_package_description: 'the greatest app in the world!',","                        npm_package_name: 'my-app',","                        npm_package_nameAlias: 'my_app',","                        npm_package_version: '0.0.1'","                    })","                }","            );","        } else {","            local.assetsDict['/'] = local.assetsDict['/assets.index.template.html']","                .replace((/\\{\\{env\\.(\\w+?)\\}\\}/g), function (match0, match1) {","                    // jslint-hack","                    String(match0);","                    switch (match1) {","                    case 'npm_package_description':","                        return 'the greatest app in the world!';","                    case 'npm_package_name':","                        return 'my-app';","                    case 'npm_package_nameAlias':","                        return 'my_app';","                    case 'npm_package_version':","                        return '0.0.1';","                    }","                });","        }","        // run the cli","        if (local.global.utility2_rollup || module !== require.main) {","            break;","        }","        local.assetsDict['/assets.example.js'] =","            local.assetsDict['/assets.example.js'] ||","            local.fs.readFileSync(__filename, 'utf8');","        // bug-workaround - long $npm_package_buildCustomOrg","        /* jslint-ignore-begin */","        local.assetsDict['/assets.npmtest_must.rollup.js'] =","            local.assetsDict['/assets.npmtest_must.rollup.js'] ||","            local.fs.readFileSync(","                local.npmtest_must.__dirname + '/lib.npmtest_must.js',","                'utf8'","            ).replace((/^#!/), '//');","        /* jslint-ignore-end */","        local.assetsDict['/favicon.ico'] = local.assetsDict['/favicon.ico'] || '';","        // if $npm_config_timeout_exit exists,","        // then exit this process after $npm_config_timeout_exit ms","        if (Number(process.env.npm_config_timeout_exit)) {","            setTimeout(process.exit, Number(process.env.npm_config_timeout_exit));","        }","        // start server","        if (local.global.utility2_serverHttp1) {","            break;","        }","        process.env.PORT = process.env.PORT || '8081';","        console.error('server starting on port ' + process.env.PORT);","        local.http.createServer(function (request, response) {","            request.urlParsed = local.url.parse(request.url);","            if (local.assetsDict[request.urlParsed.pathname] !== undefined) {","                response.end(local.assetsDict[request.urlParsed.pathname]);","                return;","            }","            response.statusCode = 404;","            response.end();","        }).listen(process.env.PORT);","        break;","    }","}());",""],"l":{"26":2,"28":2,"33":2,"35":2,"37":2,"38":2,"39":2,"44":1,"51":2,"55":2,"59":2,"61":2,"69":1,"70":2,"76":2,"79":2,"82":2,"83":2,"85":1,"89":2,"92":1,"93":1,"94":1,"96":1,"97":1,"100":1,"101":1,"103":1,"106":1,"108":2,"114":1,"116":1,"118":1,"123":1,"124":2,"125":2,"126":3,"127":3,"128":3,"129":3,"130":1,"133":3,"134":3,"139":3,"143":1,"144":3,"145":1,"149":1,"150":1,"158":1,"160":1,"161":1,"162":1,"164":1,"166":1,"258":1,"259":1,"271":1,"274":6,"275":6,"277":1,"279":2,"281":1,"283":2,"288":1,"289":1,"291":1,"296":1,"303":1,"306":1,"307":1,"310":1,"311":1,"313":1,"314":1,"315":1,"316":1,"317":1,"318":1,"319":1,"321":1,"322":1,"324":1}},"/home/travis/build/npmtest/node-npmtest-must/node_modules/must/register.js":{"path":"/home/travis/build/npmtest/node-npmtest-must/node_modules/must/register.js","s":{"1":1,"2":1,"3":3,"4":4},"b":{},"f":{"1":3,"2":4},"fnMap":{"1":{"name":"(anonymous_1)","line":25,"loc":{"start":{"line":25,"column":7},"end":{"line":25,"column":18}}},"2":{"name":"(anonymous_2)","line":27,"loc":{"start":{"line":27,"column":7},"end":{"line":27,"column":23}}}},"statementMap":{"1":{"start":{"line":1,"column":0},"end":{"line":1,"column":45}},"2":{"start":{"line":24,"column":0},"end":{"line":38,"column":2}},"3":{"start":{"line":25,"column":34},"end":{"line":25,"column":56}},"4":{"start":{"line":28,"column":4},"end":{"line":33,"column":6}}},"branchMap":{},"code":["var Must = module.exports = require(\"./must\")","/* eslint no-extend-native: 0 */","","/**"," * Creates an instance of [`Must`](#Must) with the current object for asserting"," * and calling matchers on."," *"," * This property is non-enumerable just like built-in properties, so"," * it'll never interfere with any regular usage of objects."," *"," * Please note that JavaScript does not allow method calls on `null` or"," * `undefined`, so you'll sometimes have to call [`Must`](#Must) on them by"," * hand.  Assigning `require(\"must\")` to `expect` or `demand` works well with"," * those cases."," *"," * @example"," * true.must.be.true()"," * [].must.be.empty()"," *"," * @property must"," * @for Object"," * @on prototype"," */","Object.defineProperty(Object.prototype, \"must\", {","  get: function() { \"use strict\"; return new Must(this) },","","  set: function(value) {","    Object.defineProperty(this, \"must\", {","      value: value,","      configurable: true,","      enumrable: true,","      writable: true","    })","  },","","  // Without configurable, can't redefine it when reloading this file, e.g.","  configurable: true","})",""],"l":{"1":1,"24":1,"25":3,"28":4}},"/home/travis/build/npmtest/node-npmtest-must/node_modules/must/must.js":{"path":"/home/travis/build/npmtest/node-npmtest-must/node_modules/must/must.js","s":{"1":1,"2":1,"3":1,"4":1,"5":1,"6":1,"7":1,"8":1,"9":1,"10":1,"11":1,"12":1,"13":1,"14":1,"15":1,"16":1,"17":1,"18":1,"19":1,"20":1,"21":3,"22":0,"23":3,"24":3,"25":0,"26":1,"27":0,"28":1,"29":1,"30":1,"31":0,"32":1,"33":1,"34":0,"35":0,"36":0,"37":1,"38":1,"39":0,"40":1,"41":0,"42":1,"43":0,"44":1,"45":0,"46":1,"47":0,"48":1,"49":0,"50":1,"51":0,"52":1,"53":0,"54":1,"55":0,"56":1,"57":0,"58":1,"59":0,"60":1,"61":0,"62":1,"63":0,"64":1,"65":0,"66":0,"67":1,"68":0,"69":1,"70":0,"71":1,"72":0,"73":1,"74":0,"75":0,"76":1,"77":0,"78":0,"79":1,"80":1,"81":0,"82":0,"83":0,"84":0,"85":0,"86":0,"87":1,"88":0,"89":1,"90":0,"91":1,"92":0,"93":0,"94":0,"95":0,"96":0,"97":0,"98":0,"99":0,"100":0,"101":1,"102":1,"103":0,"104":0,"105":1,"106":0,"107":0,"108":0,"109":0,"110":0,"111":0,"112":0,"113":0,"114":1,"115":1,"116":0,"117":0,"118":1,"119":0,"120":0,"121":0,"122":0,"123":0,"124":0,"125":0,"126":0,"127":0,"128":0,"129":1,"130":0,"131":0,"132":1,"133":1,"134":1,"135":0,"136":0,"137":0,"138":0,"139":0,"140":0,"141":0,"142":0,"143":0,"144":0,"145":0,"146":0,"147":0,"148":0,"149":0,"150":1,"151":0,"152":0,"153":1,"154":0,"155":1,"156":0,"157":0,"158":0,"159":0,"160":0,"161":0,"162":0,"163":0,"164":1,"165":0,"166":0,"167":0,"168":0,"169":0,"170":0,"171":0,"172":0,"173":1,"174":0,"175":0,"176":0,"177":0,"178":0,"179":0,"180":0,"181":0,"182":1,"183":0,"184":0,"185":0,"186":0,"187":0,"188":0,"189":0,"190":0,"191":0,"192":1,"193":1,"194":0,"195":0,"196":0,"197":1,"198":0,"199":0,"200":0,"201":1,"202":0,"203":0,"204":0,"205":1,"206":1,"207":0,"208":0,"209":0,"210":0,"211":1,"212":0,"213":0,"214":0,"215":0,"216":0,"217":0,"218":1,"219":1,"220":0,"221":1,"222":1,"223":1,"224":0,"225":1,"226":1,"227":0,"228":1,"229":1,"230":1,"231":0,"232":1,"233":1,"234":0,"235":0,"236":1,"237":0,"238":1,"239":1,"240":1,"241":0,"242":1,"243":0,"244":0,"245":1,"246":1,"247":0,"248":0,"249":0,"250":0,"251":0,"252":0,"253":0,"254":0,"255":0,"256":0,"257":0,"258":0,"259":0,"260":0,"261":0,"262":0,"263":1,"264":1,"265":0,"266":0,"267":0,"268":0,"269":0,"270":0,"271":0,"272":0,"273":0,"274":0,"275":0,"276":0,"277":0,"278":0,"279":0,"280":1,"281":0,"282":0,"283":1,"284":0,"285":0,"286":1,"287":0,"288":0,"289":0,"290":0,"291":1,"292":0,"293":0,"294":0,"295":0,"296":0,"297":0,"298":0,"299":0,"300":1,"301":0,"302":1,"303":0,"304":1,"305":0,"306":1,"307":2},"b":{"1":[0,3],"2":[0,3],"3":[0,0],"4":[0,0,0],"5":[0,0],"6":[0,0],"7":[0,0],"8":[0,0],"9":[0,0],"10":[0,0],"11":[0,0],"12":[0,0],"13":[0,0],"14":[0,0],"15":[0,0],"16":[0,0],"17":[0,0],"18":[0,0],"19":[0,0],"20":[0,0],"21":[0,0],"22":[0,0],"23":[0,0],"24":[0,0],"25":[0,0],"26":[0,0],"27":[0,0],"28":[0,0],"29":[0,0],"30":[0,0],"31":[0,0],"32":[0,0,0],"33":[0,0],"34":[0,0],"35":[0,0],"36":[0,0],"37":[0,0],"38":[0,0],"39":[0,0],"40":[0,0],"41":[0,0],"42":[0,0],"43":[0,0],"44":[0,0],"45":[0,0],"46":[0,0],"47":[0,0],"48":[0,0],"49":[0,0],"50":[0,0],"51":[0,0],"52":[0,0],"53":[0,0],"54":[0,0],"55":[0,0],"56":[0,0],"57":[0,0],"58":[0,0],"59":[0,0],"60":[0,0],"61":[0,0],"62":[0,0,0,0],"63":[0,0,0,0],"64":[0,0],"65":[0,0],"66":[0,0],"67":[0,0],"68":[0,0],"69":[0,0],"70":[0,0],"71":[0,0],"72":[0,0],"73":[0,0],"74":[0,0,0],"75":[0,0],"76":[0,0],"77":[0,0]},"f":{"1":3,"2":0,"3":0,"4":0,"5":0,"6":0,"7":0,"8":0,"9":0,"10":0,"11":0,"12":0,"13":0,"14":0,"15":0,"16":0,"17":0,"18":0,"19":0,"20":0,"21":0,"22":0,"23":0,"24":0,"25":0,"26":0,"27":0,"28":0,"29":0,"30":0,"31":0,"32":0,"33":0,"34":0,"35":0,"36":0,"37":0,"38":0,"39":0,"40":0,"41":0,"42":0,"43":0,"44":0,"45":0,"46":0,"47":0,"48":0,"49":0,"50":0,"51":0,"52":0,"53":0,"54":0,"55":0,"56":0,"57":0,"58":0,"59":0,"60":0,"61":0,"62":0,"63":2},"fnMap":{"1":{"name":"Must","line":47,"loc":{"start":{"line":47,"column":0},"end":{"line":47,"column":31}}},"2":{"name":"(anonymous_2)","line":63,"loc":{"start":{"line":63,"column":34},"end":{"line":63,"column":45}}},"3":{"name":"(anonymous_3)","line":101,"loc":{"start":{"line":101,"column":35},"end":{"line":101,"column":46}}},"4":{"name":"(anonymous_4)","line":128,"loc":{"start":{"line":128,"column":36},"end":{"line":128,"column":47}}},"5":{"name":"(anonymous_5)","line":161,"loc":{"start":{"line":161,"column":22},"end":{"line":161,"column":33}}},"6":{"name":"(anonymous_6)","line":174,"loc":{"start":{"line":174,"column":23},"end":{"line":174,"column":34}}},"7":{"name":"(anonymous_7)","line":186,"loc":{"start":{"line":186,"column":21},"end":{"line":186,"column":32}}},"8":{"name":"(anonymous_8)","line":206,"loc":{"start":{"line":206,"column":22},"end":{"line":206,"column":33}}},"9":{"name":"(anonymous_9)","line":226,"loc":{"start":{"line":226,"column":27},"end":{"line":226,"column":38}}},"10":{"name":"(anonymous_10)","line":239,"loc":{"start":{"line":239,"column":25},"end":{"line":239,"column":36}}},"11":{"name":"(anonymous_11)","line":252,"loc":{"start":{"line":252,"column":24},"end":{"line":252,"column":35}}},"12":{"name":"(anonymous_12)","line":265,"loc":{"start":{"line":265,"column":24},"end":{"line":265,"column":35}}},"13":{"name":"(anonymous_13)","line":277,"loc":{"start":{"line":277,"column":24},"end":{"line":277,"column":35}}},"14":{"name":"(anonymous_14)","line":289,"loc":{"start":{"line":289,"column":22},"end":{"line":289,"column":33}}},"15":{"name":"(anonymous_15)","line":301,"loc":{"start":{"line":301,"column":24},"end":{"line":301,"column":35}}},"16":{"name":"(anonymous_16)","line":313,"loc":{"start":{"line":313,"column":23},"end":{"line":313,"column":34}}},"17":{"name":"(anonymous_17)","line":325,"loc":{"start":{"line":325,"column":26},"end":{"line":325,"column":37}}},"18":{"name":"(anonymous_18)","line":337,"loc":{"start":{"line":337,"column":24},"end":{"line":337,"column":35}}},"19":{"name":"(anonymous_19)","line":354,"loc":{"start":{"line":354,"column":24},"end":{"line":354,"column":35}}},"20":{"name":"(anonymous_20)","line":370,"loc":{"start":{"line":370,"column":23},"end":{"line":370,"column":34}}},"21":{"name":"(anonymous_21)","line":384,"loc":{"start":{"line":384,"column":23},"end":{"line":384,"column":34}}},"22":{"name":"(anonymous_22)","line":398,"loc":{"start":{"line":398,"column":28},"end":{"line":398,"column":47}}},"23":{"name":"instanceofMessage","line":403,"loc":{"start":{"line":403,"column":0},"end":{"line":403,"column":37}}},"24":{"name":"(anonymous_24)","line":426,"loc":{"start":{"line":426,"column":23},"end":{"line":426,"column":34}}},"25":{"name":"(anonymous_25)","line":445,"loc":{"start":{"line":445,"column":25},"end":{"line":445,"column":44}}},"26":{"name":"(anonymous_26)","line":466,"loc":{"start":{"line":466,"column":23},"end":{"line":466,"column":42}}},"27":{"name":"(anonymous_27)","line":499,"loc":{"start":{"line":499,"column":23},"end":{"line":499,"column":48}}},"28":{"name":"(anonymous_28)","line":555,"loc":{"start":{"line":555,"column":21},"end":{"line":555,"column":40}}},"29":{"name":"(anonymous_29)","line":575,"loc":{"start":{"line":575,"column":25},"end":{"line":575,"column":44}}},"30":{"name":"(anonymous_30)","line":606,"loc":{"start":{"line":606,"column":31},"end":{"line":606,"column":50}}},"31":{"name":"isPermutationOf","line":611,"loc":{"start":{"line":611,"column":0},"end":{"line":611,"column":43}}},"32":{"name":"(anonymous_32)","line":637,"loc":{"start":{"line":637,"column":23},"end":{"line":637,"column":42}}},"33":{"name":"(anonymous_33)","line":700,"loc":{"start":{"line":700,"column":23},"end":{"line":700,"column":48}}},"34":{"name":"(anonymous_34)","line":723,"loc":{"start":{"line":723,"column":24},"end":{"line":723,"column":43}}},"35":{"name":"(anonymous_35)","line":736,"loc":{"start":{"line":736,"column":24},"end":{"line":736,"column":35}}},"36":{"name":"(anonymous_36)","line":755,"loc":{"start":{"line":755,"column":28},"end":{"line":755,"column":44}}},"37":{"name":"(anonymous_37)","line":782,"loc":{"start":{"line":782,"column":31},"end":{"line":782,"column":47}}},"38":{"name":"(anonymous_38)","line":809,"loc":{"start":{"line":809,"column":26},"end":{"line":809,"column":55}}},"39":{"name":"(anonymous_39)","line":832,"loc":{"start":{"line":832,"column":29},"end":{"line":832,"column":58}}},"40":{"name":"(anonymous_40)","line":862,"loc":{"start":{"line":862,"column":22},"end":{"line":862,"column":41}}},"41":{"name":"(anonymous_41)","line":881,"loc":{"start":{"line":881,"column":25},"end":{"line":881,"column":44}}},"42":{"name":"(anonymous_42)","line":903,"loc":{"start":{"line":903,"column":28},"end":{"line":903,"column":47}}},"43":{"name":"(anonymous_43)","line":931,"loc":{"start":{"line":931,"column":31},"end":{"line":931,"column":50}}},"44":{"name":"isEnumerable","line":938,"loc":{"start":{"line":938,"column":0},"end":{"line":938,"column":33}}},"45":{"name":"(anonymous_45)","line":962,"loc":{"start":{"line":962,"column":23},"end":{"line":962,"column":42}}},"46":{"name":"(anonymous_46)","line":1001,"loc":{"start":{"line":1001,"column":22},"end":{"line":1001,"column":41}}},"47":{"name":"(anonymous_47)","line":1022,"loc":{"start":{"line":1022,"column":23},"end":{"line":1022,"column":42}}},"48":{"name":"(anonymous_48)","line":1062,"loc":{"start":{"line":1062,"column":23},"end":{"line":1062,"column":42}}},"49":{"name":"(anonymous_49)","line":1086,"loc":{"start":{"line":1086,"column":25},"end":{"line":1086,"column":46}}},"50":{"name":"(anonymous_50)","line":1087,"loc":{"start":{"line":1087,"column":58},"end":{"line":1087,"column":69}}},"51":{"name":"(anonymous_51)","line":1124,"loc":{"start":{"line":1124,"column":40},"end":{"line":1124,"column":51}}},"52":{"name":"(anonymous_52)","line":1182,"loc":{"start":{"line":1182,"column":39},"end":{"line":1182,"column":50}}},"53":{"name":"(anonymous_53)","line":1195,"loc":{"start":{"line":1195,"column":27},"end":{"line":1195,"column":46}}},"54":{"name":"assert","line":1211,"loc":{"start":{"line":1211,"column":24},"end":{"line":1211,"column":59}}},"55":{"name":"eql","line":1233,"loc":{"start":{"line":1233,"column":0},"end":{"line":1233,"column":19}}},"56":{"name":"getConstructorOf","line":1254,"loc":{"start":{"line":1254,"column":0},"end":{"line":1254,"column":31}}},"57":{"name":"hasValueOf","line":1259,"loc":{"start":{"line":1259,"column":0},"end":{"line":1259,"column":25}}},"58":{"name":"kindofPlain","line":1264,"loc":{"start":{"line":1264,"column":0},"end":{"line":1264,"column":26}}},"59":{"name":"isError","line":1270,"loc":{"start":{"line":1270,"column":0},"end":{"line":1270,"column":45}}},"60":{"name":"messageFromError","line":1281,"loc":{"start":{"line":1281,"column":0},"end":{"line":1281,"column":31}}},"61":{"name":"isFn","line":1286,"loc":{"start":{"line":1286,"column":0},"end":{"line":1286,"column":18}}},"62":{"name":"isNumber","line":1287,"loc":{"start":{"line":1287,"column":0},"end":{"line":1287,"column":21}}},"63":{"name":"passthrough","line":1288,"loc":{"start":{"line":1288,"column":0},"end":{"line":1288,"column":23}}}},"statementMap":{"1":{"start":{"line":1,"column":0},"end":{"line":1,"column":25}},"2":{"start":{"line":2,"column":0},"end":{"line":2,"column":53}},"3":{"start":{"line":3,"column":0},"end":{"line":3,"column":44}},"4":{"start":{"line":4,"column":0},"end":{"line":4,"column":44}},"5":{"start":{"line":5,"column":0},"end":{"line":5,"column":30}},"6":{"start":{"line":6,"column":0},"end":{"line":6,"column":26}},"7":{"start":{"line":7,"column":0},"end":{"line":7,"column":28}},"8":{"start":{"line":8,"column":0},"end":{"line":8,"column":42}},"9":{"start":{"line":9,"column":0},"end":{"line":9,"column":34}},"10":{"start":{"line":10,"column":0},"end":{"line":10,"column":33}},"11":{"start":{"line":11,"column":0},"end":{"line":11,"column":33}},"12":{"start":{"line":12,"column":0},"end":{"line":12,"column":48}},"13":{"start":{"line":13,"column":0},"end":{"line":13,"column":44}},"14":{"start":{"line":14,"column":0},"end":{"line":14,"column":54}},"15":{"start":{"line":15,"column":0},"end":{"line":15,"column":12}},"16":{"start":{"line":16,"column":0},"end":{"line":16,"column":31}},"17":{"start":{"line":17,"column":0},"end":{"line":17,"column":39}},"18":{"start":{"line":18,"column":0},"end":{"line":18,"column":29}},"19":{"start":{"line":19,"column":0},"end":{"line":19,"column":21}},"20":{"start":{"line":47,"column":0},"end":{"line":51,"column":1}},"21":{"start":{"line":48,"column":2},"end":{"line":48,"column":63}},"22":{"start":{"line":48,"column":31},"end":{"line":48,"column":63}},"23":{"start":{"line":49,"column":2},"end":{"line":49,"column":22}},"24":{"start":{"line":50,"column":2},"end":{"line":50,"column":45}},"25":{"start":{"line":50,"column":23},"end":{"line":50,"column":45}},"26":{"start":{"line":63,"column":0},"end":{"line":65,"column":2}},"27":{"start":{"line":64,"column":2},"end":{"line":64,"column":37}},"28":{"start":{"line":77,"column":0},"end":{"line":77,"column":69}},"29":{"start":{"line":89,"column":0},"end":{"line":89,"column":47}},"30":{"start":{"line":101,"column":0},"end":{"line":103,"column":2}},"31":{"start":{"line":102,"column":2},"end":{"line":102,"column":32}},"32":{"start":{"line":114,"column":0},"end":{"line":114,"column":49}},"33":{"start":{"line":128,"column":0},"end":{"line":135,"column":2}},"34":{"start":{"line":132,"column":2},"end":{"line":132,"column":32}},"35":{"start":{"line":133,"column":2},"end":{"line":133,"column":32}},"36":{"start":{"line":134,"column":2},"end":{"line":134,"column":13}},"37":{"start":{"line":150,"column":0},"end":{"line":150,"column":47}},"38":{"start":{"line":161,"column":0},"end":{"line":163,"column":1}},"39":{"start":{"line":162,"column":2},"end":{"line":162,"column":59}},"40":{"start":{"line":174,"column":0},"end":{"line":176,"column":1}},"41":{"start":{"line":175,"column":2},"end":{"line":175,"column":61}},"42":{"start":{"line":186,"column":0},"end":{"line":188,"column":1}},"43":{"start":{"line":187,"column":2},"end":{"line":187,"column":65}},"44":{"start":{"line":206,"column":0},"end":{"line":208,"column":1}},"45":{"start":{"line":207,"column":2},"end":{"line":207,"column":59}},"46":{"start":{"line":226,"column":0},"end":{"line":228,"column":1}},"47":{"start":{"line":227,"column":2},"end":{"line":227,"column":69}},"48":{"start":{"line":239,"column":0},"end":{"line":241,"column":1}},"49":{"start":{"line":240,"column":2},"end":{"line":240,"column":62}},"50":{"start":{"line":252,"column":0},"end":{"line":254,"column":1}},"51":{"start":{"line":253,"column":2},"end":{"line":253,"column":60}},"52":{"start":{"line":265,"column":0},"end":{"line":267,"column":1}},"53":{"start":{"line":266,"column":2},"end":{"line":266,"column":60}},"54":{"start":{"line":277,"column":0},"end":{"line":279,"column":1}},"55":{"start":{"line":278,"column":2},"end":{"line":278,"column":60}},"56":{"start":{"line":289,"column":0},"end":{"line":291,"column":1}},"57":{"start":{"line":290,"column":2},"end":{"line":290,"column":57}},"58":{"start":{"line":301,"column":0},"end":{"line":303,"column":1}},"59":{"start":{"line":302,"column":2},"end":{"line":302,"column":73}},"60":{"start":{"line":313,"column":0},"end":{"line":315,"column":1}},"61":{"start":{"line":314,"column":2},"end":{"line":314,"column":56}},"62":{"start":{"line":325,"column":0},"end":{"line":327,"column":1}},"63":{"start":{"line":326,"column":2},"end":{"line":326,"column":64}},"64":{"start":{"line":337,"column":0},"end":{"line":340,"column":1}},"65":{"start":{"line":338,"column":2},"end":{"line":338,"column":56}},"66":{"start":{"line":339,"column":2},"end":{"line":339,"column":33}},"67":{"start":{"line":354,"column":0},"end":{"line":356,"column":1}},"68":{"start":{"line":355,"column":2},"end":{"line":355,"column":39}},"69":{"start":{"line":370,"column":0},"end":{"line":372,"column":1}},"70":{"start":{"line":371,"column":2},"end":{"line":371,"column":39}},"71":{"start":{"line":384,"column":0},"end":{"line":386,"column":1}},"72":{"start":{"line":385,"column":2},"end":{"line":385,"column":43}},"73":{"start":{"line":398,"column":0},"end":{"line":401,"column":1}},"74":{"start":{"line":399,"column":2},"end":{"line":399,"column":42}},"75":{"start":{"line":400,"column":2},"end":{"line":400,"column":79}},"76":{"start":{"line":403,"column":0},"end":{"line":406,"column":1}},"77":{"start":{"line":404,"column":2},"end":{"line":404,"column":73}},"78":{"start":{"line":405,"column":2},"end":{"line":405,"column":36}},"79":{"start":{"line":412,"column":0},"end":{"line":412,"column":53}},"80":{"start":{"line":426,"column":0},"end":{"line":434,"column":1}},"81":{"start":{"line":427,"column":2},"end":{"line":427,"column":16}},"82":{"start":{"line":428,"column":2},"end":{"line":431,"column":31}},"83":{"start":{"line":429,"column":4},"end":{"line":429,"column":33}},"84":{"start":{"line":430,"column":7},"end":{"line":431,"column":31}},"85":{"start":{"line":431,"column":4},"end":{"line":431,"column":31}},"86":{"start":{"line":433,"column":2},"end":{"line":433,"column":29}},"87":{"start":{"line":445,"column":0},"end":{"line":447,"column":1}},"88":{"start":{"line":446,"column":2},"end":{"line":446,"column":80}},"89":{"start":{"line":466,"column":0},"end":{"line":468,"column":1}},"90":{"start":{"line":467,"column":2},"end":{"line":467,"column":70}},"91":{"start":{"line":499,"column":0},"end":{"line":507,"column":1}},"92":{"start":{"line":500,"column":2},"end":{"line":500,"column":43}},"93":{"start":{"line":500,"column":29},"end":{"line":500,"column":43}},"94":{"start":{"line":501,"column":2},"end":{"line":501,"column":76}},"95":{"start":{"line":501,"column":46},"end":{"line":501,"column":62}},"96":{"start":{"line":501,"column":63},"end":{"line":501,"column":75}},"97":{"start":{"line":503,"column":2},"end":{"line":503,"column":56}},"98":{"start":{"line":504,"column":2},"end":{"line":504,"column":69}},"99":{"start":{"line":505,"column":2},"end":{"line":505,"column":59}},"100":{"start":{"line":506,"column":2},"end":{"line":506,"column":28}},"101":{"start":{"line":520,"column":0},"end":{"line":520,"column":70}},"102":{"start":{"line":555,"column":0},"end":{"line":558,"column":1}},"103":{"start":{"line":556,"column":2},"end":{"line":556,"column":47}},"104":{"start":{"line":557,"column":2},"end":{"line":557,"column":75}},"105":{"start":{"line":575,"column":0},"end":{"line":584,"column":1}},"106":{"start":{"line":576,"column":2},"end":{"line":576,"column":11}},"107":{"start":{"line":577,"column":2},"end":{"line":581,"column":64}},"108":{"start":{"line":578,"column":4},"end":{"line":578,"column":46}},"109":{"start":{"line":580,"column":4},"end":{"line":581,"column":64}},"110":{"start":{"line":581,"column":6},"end":{"line":581,"column":64}},"111":{"start":{"line":581,"column":43},"end":{"line":581,"column":56}},"112":{"start":{"line":581,"column":57},"end":{"line":581,"column":63}},"113":{"start":{"line":583,"column":2},"end":{"line":583,"column":53}},"114":{"start":{"line":590,"column":0},"end":{"line":590,"column":47}},"115":{"start":{"line":606,"column":0},"end":{"line":609,"column":1}},"116":{"start":{"line":607,"column":2},"end":{"line":607,"column":49}},"117":{"start":{"line":608,"column":2},"end":{"line":608,"column":78}},"118":{"start":{"line":611,"column":0},"end":{"line":622,"column":1}},"119":{"start":{"line":612,"column":2},"end":{"line":612,"column":70}},"120":{"start":{"line":612,"column":58},"end":{"line":612,"column":70}},"121":{"start":{"line":613,"column":2},"end":{"line":613,"column":53}},"122":{"start":{"line":613,"column":41},"end":{"line":613,"column":53}},"123":{"start":{"line":615,"column":2},"end":{"line":615,"column":32}},"124":{"start":{"line":616,"column":2},"end":{"line":616,"column":36}},"125":{"start":{"line":617,"column":2},"end":{"line":619,"column":3}},"126":{"start":{"line":618,"column":4},"end":{"line":618,"column":47}},"127":{"start":{"line":618,"column":35},"end":{"line":618,"column":47}},"128":{"start":{"line":621,"column":2},"end":{"line":621,"column":13}},"129":{"start":{"line":637,"column":0},"end":{"line":640,"column":1}},"130":{"start":{"line":638,"column":2},"end":{"line":638,"column":75}},"131":{"start":{"line":639,"column":2},"end":{"line":639,"column":68}},"132":{"start":{"line":651,"column":0},"end":{"line":651,"column":49}},"133":{"start":{"line":662,"column":0},"end":{"line":662,"column":48}},"134":{"start":{"line":700,"column":0},"end":{"line":711,"column":1}},"135":{"start":{"line":701,"column":2},"end":{"line":701,"column":43}},"136":{"start":{"line":701,"column":29},"end":{"line":701,"column":43}},"137":{"start":{"line":702,"column":2},"end":{"line":702,"column":76}},"138":{"start":{"line":702,"column":46},"end":{"line":702,"column":62}},"139":{"start":{"line":702,"column":63},"end":{"line":702,"column":75}},"140":{"start":{"line":704,"column":2},"end":{"line":704,"column":27}},"141":{"start":{"line":705,"column":2},"end":{"line":705,"column":73}},"142":{"start":{"line":705,"column":8},"end":{"line":705,"column":31}},"143":{"start":{"line":705,"column":46},"end":{"line":705,"column":56}},"144":{"start":{"line":705,"column":57},"end":{"line":705,"column":72}},"145":{"start":{"line":706,"column":2},"end":{"line":706,"column":47}},"146":{"start":{"line":708,"column":2},"end":{"line":708,"column":32}},"147":{"start":{"line":709,"column":2},"end":{"line":709,"column":48}},"148":{"start":{"line":709,"column":24},"end":{"line":709,"column":48}},"149":{"start":{"line":710,"column":2},"end":{"line":710,"column":32}},"150":{"start":{"line":723,"column":0},"end":{"line":726,"column":1}},"151":{"start":{"line":724,"column":2},"end":{"line":724,"column":41}},"152":{"start":{"line":725,"column":2},"end":{"line":725,"column":57}},"153":{"start":{"line":736,"column":0},"end":{"line":738,"column":1}},"154":{"start":{"line":737,"column":2},"end":{"line":737,"column":56}},"155":{"start":{"line":755,"column":0},"end":{"line":765,"column":1}},"156":{"start":{"line":756,"column":2},"end":{"line":756,"column":23}},"157":{"start":{"line":757,"column":2},"end":{"line":757,"column":30}},"158":{"start":{"line":759,"column":2},"end":{"line":762,"column":3}},"159":{"start":{"line":759,"column":10},"end":{"line":762,"column":3}},"160":{"start":{"line":760,"column":4},"end":{"line":760,"column":46}},"161":{"start":{"line":761,"column":4},"end":{"line":761,"column":18}},"162":{"start":{"line":761,"column":13},"end":{"line":761,"column":18}},"163":{"start":{"line":764,"column":2},"end":{"line":764,"column":71}},"164":{"start":{"line":782,"column":0},"end":{"line":792,"column":1}},"165":{"start":{"line":783,"column":2},"end":{"line":783,"column":23}},"166":{"start":{"line":784,"column":2},"end":{"line":784,"column":30}},"167":{"start":{"line":786,"column":2},"end":{"line":789,"column":3}},"168":{"start":{"line":786,"column":10},"end":{"line":789,"column":3}},"169":{"start":{"line":787,"column":4},"end":{"line":787,"column":66}},"170":{"start":{"line":788,"column":4},"end":{"line":788,"column":18}},"171":{"start":{"line":788,"column":13},"end":{"line":788,"column":18}},"172":{"start":{"line":791,"column":2},"end":{"line":791,"column":75}},"173":{"start":{"line":809,"column":0},"end":{"line":816,"column":1}},"174":{"start":{"line":810,"column":2},"end":{"line":810,"column":65}},"175":{"start":{"line":811,"column":2},"end":{"line":811,"column":73}},"176":{"start":{"line":811,"column":34},"end":{"line":811,"column":73}},"177":{"start":{"line":813,"column":2},"end":{"line":813,"column":54}},"178":{"start":{"line":814,"column":2},"end":{"line":814,"column":79}},"179":{"start":{"line":814,"column":30},"end":{"line":814,"column":49}},"180":{"start":{"line":814,"column":50},"end":{"line":814,"column":78}},"181":{"start":{"line":815,"column":2},"end":{"line":815,"column":28}},"182":{"start":{"line":832,"column":0},"end":{"line":840,"column":1}},"183":{"start":{"line":833,"column":2},"end":{"line":833,"column":30}},"184":{"start":{"line":834,"column":2},"end":{"line":834,"column":42}},"185":{"start":{"line":835,"column":2},"end":{"line":835,"column":73}},"186":{"start":{"line":835,"column":34},"end":{"line":835,"column":73}},"187":{"start":{"line":837,"column":2},"end":{"line":837,"column":58}},"188":{"start":{"line":838,"column":2},"end":{"line":838,"column":79}},"189":{"start":{"line":838,"column":30},"end":{"line":838,"column":49}},"190":{"start":{"line":838,"column":50},"end":{"line":838,"column":78}},"191":{"start":{"line":839,"column":2},"end":{"line":839,"column":28}},"192":{"start":{"line":846,"column":0},"end":{"line":846,"column":47}},"193":{"start":{"line":862,"column":0},"end":{"line":866,"column":1}},"194":{"start":{"line":863,"column":2},"end":{"line":863,"column":30}},"195":{"start":{"line":864,"column":2},"end":{"line":864,"column":67}},"196":{"start":{"line":865,"column":2},"end":{"line":865,"column":52}},"197":{"start":{"line":881,"column":0},"end":{"line":885,"column":1}},"198":{"start":{"line":882,"column":2},"end":{"line":882,"column":30}},"199":{"start":{"line":883,"column":2},"end":{"line":883,"column":72}},"200":{"start":{"line":884,"column":2},"end":{"line":884,"column":56}},"201":{"start":{"line":903,"column":0},"end":{"line":907,"column":1}},"202":{"start":{"line":904,"column":2},"end":{"line":904,"column":30}},"203":{"start":{"line":905,"column":2},"end":{"line":905,"column":56}},"204":{"start":{"line":906,"column":2},"end":{"line":906,"column":66}},"205":{"start":{"line":913,"column":0},"end":{"line":913,"column":61}},"206":{"start":{"line":931,"column":0},"end":{"line":936,"column":1}},"207":{"start":{"line":932,"column":2},"end":{"line":932,"column":30}},"208":{"start":{"line":933,"column":2},"end":{"line":933,"column":44}},"209":{"start":{"line":934,"column":2},"end":{"line":934,"column":57}},"210":{"start":{"line":935,"column":2},"end":{"line":935,"column":69}},"211":{"start":{"line":938,"column":0},"end":{"line":943,"column":1}},"212":{"start":{"line":940,"column":2},"end":{"line":940,"column":72}},"213":{"start":{"line":940,"column":61},"end":{"line":940,"column":72}},"214":{"start":{"line":941,"column":2},"end":{"line":941,"column":51}},"215":{"start":{"line":941,"column":23},"end":{"line":941,"column":51}},"216":{"start":{"line":941,"column":40},"end":{"line":941,"column":51}},"217":{"start":{"line":942,"column":2},"end":{"line":942,"column":14}},"218":{"start":{"line":949,"column":0},"end":{"line":949,"column":67}},"219":{"start":{"line":962,"column":0},"end":{"line":964,"column":1}},"220":{"start":{"line":963,"column":2},"end":{"line":963,"column":71}},"221":{"start":{"line":970,"column":0},"end":{"line":970,"column":40}},"222":{"start":{"line":987,"column":0},"end":{"line":987,"column":44}},"223":{"start":{"line":1001,"column":0},"end":{"line":1003,"column":1}},"224":{"start":{"line":1002,"column":2},"end":{"line":1002,"column":74}},"225":{"start":{"line":1009,"column":0},"end":{"line":1009,"column":40}},"226":{"start":{"line":1022,"column":0},"end":{"line":1024,"column":1}},"227":{"start":{"line":1023,"column":2},"end":{"line":1023,"column":71}},"228":{"start":{"line":1030,"column":0},"end":{"line":1030,"column":40}},"229":{"start":{"line":1047,"column":0},"end":{"line":1047,"column":43}},"230":{"start":{"line":1062,"column":0},"end":{"line":1064,"column":1}},"231":{"start":{"line":1063,"column":2},"end":{"line":1063,"column":75}},"232":{"start":{"line":1070,"column":0},"end":{"line":1070,"column":41}},"233":{"start":{"line":1086,"column":0},"end":{"line":1090,"column":1}},"234":{"start":{"line":1087,"column":2},"end":{"line":1089,"column":4}},"235":{"start":{"line":1088,"column":4},"end":{"line":1088,"column":70}},"236":{"start":{"line":1124,"column":0},"end":{"line":1126,"column":2}},"237":{"start":{"line":1125,"column":2},"end":{"line":1125,"column":25}},"238":{"start":{"line":1136,"column":0},"end":{"line":1136,"column":77}},"239":{"start":{"line":1146,"column":0},"end":{"line":1147,"column":53}},"240":{"start":{"line":1182,"column":0},"end":{"line":1184,"column":2}},"241":{"start":{"line":1183,"column":2},"end":{"line":1183,"column":25}},"242":{"start":{"line":1195,"column":0},"end":{"line":1198,"column":1}},"243":{"start":{"line":1196,"column":2},"end":{"line":1196,"column":44}},"244":{"start":{"line":1197,"column":2},"end":{"line":1197,
[...]
ine":55,"column":53}},{"start":{"line":55,"column":57},"end":{"line":55,"column":73}}]}},"code":["var O = require(\"oolong\")","var FIRST_LINE = /^.*$/m","module.exports = AssertionError","","/**"," * Error object thrown when an assertion fails."," *"," * @class AssertionError"," * @constructor"," * @param message"," * @param [options]"," */","function AssertionError(msg, opts) {","  this.message = msg","","  /**","   * The asserted object.","   *","   * @property actual","   */","  if (opts && \"actual\" in opts) this.actual = opts.actual","","  /**","   * If the matcher took an argument or asserted against something (like","   * `foo.must.be.true()`), then this is the expected value.","   *","   * @property expected","   */","  if (opts && \"expected\" in opts) this.expected = opts.expected","","  /**","   * Whether it makes sense to compare objects granularly or even show a diff","   * view of the objects involved.  ","   *","   * Most matchers (e.g. [`empty`](#Must.prototype.empty) and","   * [`string`](#Must.prototype.string)) are concrete, strict and atomic and","   * don't lend themselves to be compared property by property.  Others however,","   * like [`eql`](#Must.prototype.eql), are more granular and comparing them","   * line by line helps understand how they differ.","   *","   * @property diffable","   */","  if (opts && \"diffable\" in opts) this.diffable = opts.diffable","","  /**","   * The stack trace starting from the code that called `must`.","   *","   * @property stack","   */","  if (opts && opts.stack != null) Object.defineProperty(this, \"stack\", {","    value: opts.stack.replace(FIRST_LINE, this),","    configurable: true, writable: true","  })","  else if (Error.captureStackTrace)","    Error.captureStackTrace(this, opts && opts.caller || this.constructor)","}","","AssertionError.prototype = Object.create(Error.prototype, {","  constructor: {value: AssertionError, configurable: true, writable: true}","})","","AssertionError.prototype.name = \"AssertionError\"","","/**"," * Some test runners (like [Mocha](http://visionmedia.github.io/mocha/)) expect"," * this property instead."," *"," * @property showDiff"," * @alias diffable"," */","O.defineGetter(AssertionError.prototype, \"showDiff\", function() {","  return this.diffable","})",""],"l":{"1":1,"2":1,"3":1,"13":1,"14":0,"21":0,"29":0,"43":0,"50":0,"54":0,"55":0,"58":1,"62":1,"71":1,"72":0}},"/home/travis/build/npmtest/node-npmtest-must/node_modules/must/lib/resolvable.js":{"path":"/home/travis/build/npmtest/node-npmtest-must/node_modules/must/lib/resolvable.js","s":{"1":1,"2":1,"3":0,"4":1,"5":0,"6":0,"7":0,"8":0,"9":0},"b":{"1":[0,0]},"f":{"1":0,"2":0,"3":0},"fnMap":{"1":{"name":"(anonymous_1)","line":3,"loc":{"start":{"line":3,"column":17},"end":{"line":3,"column":32}}},"2":{"name":"promisify","line":7,"loc":{"start":{"line":7,"column":0},"end":{"line":7,"column":23}}},"3":{"name":"matcher","line":8,"loc":{"start":{"line":8,"column":9},"end":{"line":8,"column":28}}}},"statementMap":{"1":{"start":{"line":1,"column":0},"end":{"line":1,"column":36}},"2":{"start":{"line":3,"column":0},"end":{"line":5,"column":1}},"3":{"start":{"line":4,"column":2},"end":{"line":4,"column":34}},"4":{"start":{"line":7,"column":0},"end":{"line":13,"column":1}},"5":{"start":{"line":8,"column":2},"end":{"line":12,"column":3}},"6":{"start":{"line":9,"column":4},"end":{"line":9,"column":34}},"7":{"start":{"line":10,"column":4},"end":{"line":10,"column":71}},"8":{"start":{"line":10,"column":33},"end":{"line":10,"column":71}},"9":{"start":{"line":11,"column":4},"end":{"line":11,"column":78}}},"branchMap":{"1":{"line":10,"type":"if","locations":[{"start":{"line":10,"column":4},"end":{"line":10,"column":4}},{"start":{"line":10,"column":4},"end":{"line":10,"column":4}}]}},"code":["var Thenable = require(\"./thenable\")","","module.exports = function(must) {","  return Thenable(must, promisify)","}","","function promisify(fn) {","  return function matcher() {","    var must = Object.create(this)","    if (Error.captureStackTrace) Error.captureStackTrace(must, matcher)","    return this.actual.then(Thenable.prototype.then.bind(must, fn, arguments))","  }","}",""],"l":{"1":1,"3":1,"4":0,"7":1,"8":0,"9":0,"10":0,"11":0}},"/home/travis/build/npmtest/node-npmtest-must/node_modules/must/lib/thenable.js":{"path":"/home/travis/build/npmtest/node-npmtest-must/node_modules/must/lib/thenable.js","s":{"1":1,"2":1,"3":1,"4":0,"5":0,"6":0,"7":0,"8":0,"9":0,"10":1,"11":0,"12":0,"13":0,"14":0,"15":1,"16":0,"17":0,"18":1,"19":0},"b":{"1":[0,0],"2":[0,0],"3":[0,0],"4":[0,0]},"f":{"1":0,"2":0,"3":0,"4":0},"fnMap":{"1":{"name":"(anonymous_1)","line":4,"loc":{"start":{"line":4,"column":27},"end":{"line":4,"column":53}}},"2":{"name":"assert","line":18,"loc":{"start":{"line":18,"column":27},"end":{"line":18,"column":64}}},"3":{"name":"(anonymous_3)","line":24,"loc":{"start":{"line":24,"column":25},"end":{"line":24,"column":52}}},"4":{"name":"hasFunction","line":29,"loc":{"start":{"line":29,"column":0},"end":{"line":29,"column":32}}}},"statementMap":{"1":{"start":{"line":1,"column":0},"end":{"line":1,"column":33}},"2":{"start":{"line":2,"column":0},"end":{"line":2,"column":49}},"3":{"start":{"line":4,"column":0},"end":{"line":16,"column":1}},"4":{"start":{"line":5,"column":2},"end":{"line":5,"column":28}},"5":{"start":{"line":7,"column":2},"end":{"line":8,"column":67}},"6":{"start":{"line":8,"column":4},"end":{"line":8,"column":67}},"7":{"start":{"line":8,"column":33},"end":{"line":8,"column":67}},"8":{"start":{"line":10,"column":2},"end":{"line":13,"column":4}},"9":{"start":{"line":15,"column":2},"end":{"line":15,"column":13}},"10":{"start":{"line":18,"column":0},"end":{"line":22,"column":1}},"11":{"start":{"line":19,"column":2},"end":{"line":19,"column":40}},"12":{"start":{"line":20,"column":2},"end":{"line":20,"column":46}},"13":{"start":{"line":20,"column":23},"end":{"line":20,"column":46}},"14":{"start":{"line":21,"column":2},"end":{"line":21,"column":32}},"15":{"start":{"line":24,"column":0},"end":{"line":27,"column":1}},"16":{"start":{"line":25,"column":2},"end":{"line":25,"column":22}},"17":{"start":{"line":26,"column":2},"end":{"line":26,"column":22}},"18":{"start":{"line":29,"column":0},"end":{"line":31,"column":1}},"19":{"start":{"line":30,"column":2},"end":{"line":30,"column":67}}},"branchMap":{"1":{"line":8,"type":"if","locations":[{"start":{"line":8,"column":4},"end":{"line":8,"column":4}},{"start":{"line":8,"column":4},"end":{"line":8,"column":4}}]},"2":{"line":19,"type":"cond-expr","locations":[{"start":{"line":19,"column":16},"end":{"line":19,"column":35}},{"start":{"line":19,"column":38},"end":{"line":19,"column":40}}]},"3":{"line":20,"type":"if","locations":[{"start":{"line":20,"column":2},"end":{"line":20,"column":2}},{"start":{"line":20,"column":2},"end":{"line":20,"column":2}}]},"4":{"line":30,"type":"binary-expr","locations":[{"start":{"line":30,"column":9},"end":{"line":30,"column":33}},{"start":{"line":30,"column":37},"end":{"line":30,"column":67}}]}},"code":["var wrap = require(\"lodash.wrap\")","var lookupGetter = require(\"oolong\").lookupGetter","","exports = module.exports = function(must, promisify) {","  must = Object.create(must)","","  for (var name in must)","    if (hasFunction(must, name)) must[name] = promisify(must[name])","","  Object.defineProperty(must, \"assert\", {","    value: wrap(must.assert, exports.prototype.assert),","    configurable: true, writable: true","  })","","  return must","}","","exports.prototype.assert = function assert(orig, ok, msg, opts) {","  opts = opts ? Object.create(opts) : {}","  if (\"stack\" in this) opts.stack = this.stack","  orig.call(this, ok, msg, opts)","}","","exports.prototype.then = function(fn, args, actual) {","  this.actual = actual","  fn.apply(this, args)","}","","function hasFunction(obj, name) {","  return !lookupGetter(obj, name) && typeof obj[name] == \"function\"","}",""],"l":{"1":1,"2":1,"4":1,"5":0,"7":0,"8":0,"10":0,"15":0,"18":1,"19":0,"20":0,"21":0,"24":1,"25":0,"26":0,"29":1,"30":0}},"/home/travis/build/npmtest/node-npmtest-must/node_modules/must/lib/rejectable.js":{"path":"/home/travis/build/npmtest/node-npmtest-must/node_modules/must/lib/rejectable.js","s":{"1":1,"2":1,"3":1,"4":1,"5":0,"6":1,"7":0,"8":0,"9":0,"10":0,"11":0,"12":1,"13":0},"b":{"1":[0,0]},"f":{"1":0,"2":0,"3":0,"4":0},"fnMap":{"1":{"name":"(anonymous_1)","line":5,"loc":{"start":{"line":5,"column":17},"end":{"line":5,"column":32}}},"2":{"name":"promisify","line":9,"loc":{"start":{"line":9,"column":0},"end":{"line":9,"column":23}}},"3":{"name":"matcher","line":10,"loc":{"start":{"line":10,"column":9},"end":{"line":10,"column":28}}},"4":{"name":"raise","line":17,"loc":{"start":{"line":17,"column":0},"end":{"line":17,"column":17}}}},"statementMap":{"1":{"start":{"line":1,"column":0},"end":{"line":1,"column":49}},"2":{"start":{"line":2,"column":0},"end":{"line":2,"column":36}},"3":{"start":{"line":3,"column":0},"end":{"line":3,"column":34}},"4":{"start":{"line":5,"column":0},"end":{"line":7,"column":1}},"5":{"start":{"line":6,"column":2},"end":{"line":6,"column":34}},"6":{"start":{"line":9,"column":0},"end":{"line":15,"column":1}},"7":{"start":{"line":10,"column":2},"end":{"line":14,"column":3}},"8":{"start":{"line":11,"column":4},"end":{"line":11,"column":34}},"9":{"start":{"line":12,"column":4},"end":{"line":12,"column":71}},"10":{"start":{"line":12,"column":33},"end":{"line":12,"column":71}},"11":{"start":{"line":13,"column":4},"end":{"line":13,"column":66}},"12":{"start":{"line":17,"column":0},"end":{"line":17,"column":57}},"13":{"start":{"line":17,"column":19},"end":{"line":17,"column":56}}},"branchMap":{"1":{"line":12,"type":"if","locations":[{"start":{"line":12,"column":4},"end":{"line":12,"column":4}},{"start":{"line":12,"column":4},"end":{"line":12,"column":4}}]}},"code":["var AssertionError = require(\"./assertion_error\")","var Thenable = require(\"./thenable\")","var then = Thenable.prototype.then","","module.exports = function(must) {","  return Thenable(must, promisify)","}","","function promisify(fn) {","  return function matcher() {","    var must = Object.create(this)","    if (Error.captureStackTrace) Error.captureStackTrace(must, matcher)","    return this.actual.then(raise, then.bind(must, fn, arguments))","  }","}","","function raise() { throw new AssertionError(\"Resolved\") }",""],"l":{"1":1,"2":1,"3":1,"5":1,"6":0,"9":1,"10":0,"11":0,"12":0,"13":0,"17":1}},"/home/travis/build/npmtest/node-npmtest-must/node_modules/must/lib/index.js":{"path":"/home/travis/build/npmtest/node-npmtest-must/node_modules/must/lib/index.js","s":{"1":1,"2":1,"3":1,"4":1,"5":1,"6":0,"7":0,"8":0,"9":1,"10":0,"11":0,"12":0,"13":0,"14":0,"15":0,"16":0,"17":0,"18":0,"19":0,"20":0,"21":0,"22":0,"23":0,"24":1,"25":0,"26":0,"27":0,"28":0,"29":1,"30":0,"31":0,"32":0,"33":0,"34":0,"35":0},"b":{"1":[0,0],"2":[0,0,0,0,0,0,0,0,0,0],"3":[0,0],"4":[0,0],"5":[0,0,0,0,0],"6":[0,0]},"f":{"1":0,"2":0,"3":0,"4":0},"fnMap":{"1":{"name":"(anonymous_1)","line":6,"loc":{"start":{"line":6,"column":16},"end":{"line":6,"column":35}}},"2":{"name":"stringify","line":18,"loc":{"start":{"line":18,"column":20},"end":{"line":18,"column":44}}},"3":{"name":"clone","line":43,"loc":{"start":{"line":43,"column":0},"end":{"line":43,"column":20}}},"4":{"name":"stringifyValue","line":49,"loc":{"start":{"line":49,"column":0},"end":{"line":49,"column":36}}}},"statementMap":{"1":{"start":{"line":1,"column":0},"end":{"line":1,"column":30}},"2":{"start":{"line":2,"column":0},"end":{"line":2,"column":44}},"3":{"start":{"line":3,"column":0},"end":{"line":3,"column":52}},"4":{"start":{"line":4,"column":0},"end":{"line":4,"column":17}},"5":{"start":{"line":6,"column":0},"end":{"line":16,"column":1}},"6":{"start":{"line":7,"column":2},"end":{"line":7,"column":75}},"7":{"start":{"line":7,"column":31},"end":{"line":7,"column":75}},"8":{"start":{"line":11,"column":2},"end":{"line":15,"column":4}},"9":{"start":{"line":18,"column":0},"end":{"line":41,"column":1}},"10":{"start":{"line":19,"column":2},"end":{"line":19,"column":16}},"11":{"start":{"line":21,"column":2},"end":{"line":40,"column":3}},"12":{"start":{"line":25,"column":17},"end":{"line":25,"column":30}},"13":{"start":{"line":26,"column":22},"end":{"line":26,"column":40}},"14":{"start":{"line":27,"column":19},"end":{"line":27,"column":40}},"15":{"start":{"line":28,"column":19},"end":{"line":28,"column":45}},"16":{"start":{"line":29,"column":19},"end":{"line":29,"column":40}},"17":{"start":{"line":30,"column":19},"end":{"line":30,"column":40}},"18":{"start":{"line":31,"column":17},"end":{"line":31,"column":41}},"19":{"start":{"line":32,"column":21},"end":{"line":32,"column":42}},"20":{"start":{"line":35,"column":6},"end":{"line":35,"column":22}},"21":{"start":{"line":36,"column":6},"end":{"line":36,"column":59}},"22":{"start":{"line":36,"column":33},"end":{"line":36,"column":59}},"23":{"start":{"line":39,"column":13},"end":{"line":39,"column":56}},"24":{"start":{"line":43,"column":0},"end":{"line":47,"column":1}},"25":{"start":{"line":44,"column":2},"end":{"line":44,"column":23}},"26":{"start":{"line":45,"column":2},"end":{"line":45,"column":78}},"27":{"start":{"line":45,"column":23},"end":{"line":45,"column":78}},"28":{"start":{"line":46,"column":2},"end":{"line":46,"column":14}},"29":{"start":{"line":49,"column":0},"end":{"line":57,"column":1}},"30":{"start":{"line":50,"column":2},"end":{"line":56,"column":3}},"31":{"start":{"line":51,"column":22},"end":{"line":51,"column":42}},"32":{"start":{"line":52,"column":19},"end":{"line":52,"column":56}},"33":{"start":{"line":53,"column":19},"end":{"line":53,"column":42}},"34":{"start":{"line":54,"column":19},"end":{"line":54,"column":42}},"35":{"start":{"line":55,"column":13},"end":{"line":55,"column":25}}},"branchMap":{"1":{"line":7,"type":"if","locations":[{"start":{"line":7,"column":2},"end":{"line":7,"column":2}},{"start":{"line":7,"column":2},"end":{"line":7,"column":2}}]},"2":{"line":21,"type":"switch","locations":[{"start":{"line":25,"column":4},"end":{"line":25,"column":30}},{"start":{"line":26,"column":4},"end":{"line":26,"column":40}},{"start":{"line":27,"column":4},"end":{"line":27,"column":40}},{"start":{"line":28,"column":4},"end":{"line":28,"column":45}},{"start":{"line":29,"column":4},"end":{"line":29,"column":40}},{"start":{"line":30,"column":4},"end":{"line":30,"column":40}},{"start":{"line":31,"column":4},"end":{"line":31,"column":41}},{"start":{"line":32,"column":4},"end":{"line":32,"column":42}},{"start":{"line":34,"column":4},"end":{"line":36,"column":59}},{"start":{"line":39,"column":4},"end":{"line":39,"column":56}}]},"3":{"line":36,"type":"if","locations":[{"start":{"line":36,"column":6},"end":{"line":36,"column":6}},{"start":{"line":36,"column":6},"end":{"line":36,"column":6}}]},"4":{"line":45,"type":"cond-expr","locations":[{"start":{"line":45,"column":65},"end":{"line":45,"column":70}},{"start":{"line":45,"column":73},"end":{"line":45,"column":78}}]},"5":{"line":50,"type":"switch","locations":[{"start":{"line":51,"column":4},"end":{"line":51,"column":42}},{"start":{"line":52,"column":4},"end":{"line":52,"column":56}},{"start":{"line":53,"column":4},"end":{"line":53,"column":42}},{"start":{"line":54,"column":4},"end":{"line":54,"column":42}},{"start":{"line":55,"column":4},"end":{"line":55,"column":25}}]},"6":{"line":52,"type":"cond-expr","locations":[{"start":{"line":52,"column":41},"end":{"line":52,"column":48}},{"start":{"line":52,"column":51},"end":{"line":52,"column":56}}]}},"code":["var kindof = require(\"kindof\")","var jsonify = require(\"json-stringify-safe\")","var setPrototypeOf = require(\"./es6\").setPrototypeOf","var INDENT = null","","exports.chain = function(self, fn) {","  if (typeof fn != \"function\") throw new TypeError(\"Not a function: \" + fn)","","  // Don't set toString as it seems to break \"source-map-support\". This is","  // a function with an Object prototype, after all.","  return Object.defineProperties(setPrototypeOf(fn.bind(self), self), {","    bind: {value: Function.prototype.apply, configurable: true, writable: true},","    call: {value: Function.prototype.apply, configurable: true, writable: true},","    apply: {value: Function.prototype.apply, configurable: true, writable: true}","  })","}","","exports.stringify = function stringify(obj) {","  var root = obj","","  switch (kindof(obj)) {","    // Allow falling through:","    /* jshint -W086 */","    /* eslint no-fallthrough: 0 */","    case \"null\": return \"null\"","    case \"undefined\": return \"undefined\"","    case \"number\": return obj.toString()","    case \"string\": return JSON.stringify(obj)","    case \"symbol\": return obj.toString()","    case \"regexp\": return obj.toString()","    case \"date\": return obj.toISOString()","    case \"function\": return obj.toString()","","    case \"object\":","      obj = clone(obj)","      if (root instanceof Error) obj.message = root.message","      // Fall through.","","    default: return jsonify(obj, stringifyValue, INDENT)","  }","}","","function clone(obj) {","  var clone = {}, value","  for (var key in obj) clone[key] = (value = obj[key]) === obj ? clone : value","  return clone","}","","function stringifyValue(key, value) {","  switch (kindof(value)) {","    case \"undefined\": return \"[Undefined]\"","    case \"number\": return isNaN(value) ? \"[NaN]\" : value","    case \"symbol\": return value.toString()","    case \"regexp\": return value.toString()","    default: return value","  }","}",""],"l":{"1":1,"2":1,"3":1,"4":1,"6":1,"7":0,"11":0,"18":1,"19":0,"21":0,"25":0,"26":0,"27":0,"28":0,"29":0,"30":0,"31":0,"32":0,"35":0,"36":0,"39":0,"43":1,"44":0,"45":0,"46":0,"49":1,"50":0,"51":0,"52":0,"53":0,"54":0,"55":0}},"/home/travis/build/npmtest/node-npmtest-must/node_modules/must/lib/es6.js":{"path":"/home/travis/build/npmtest/node-npmtest-must/node_modules/must/lib/es6.js","s":{"1":1,"2":0,"3":0,"4":1,"5":0,"6":1,"7":0},"b":{"1":[1,0],"2":[1,0],"3":[1,0]},"f":{"1":0,"2":0,"3":0},"fnMap":{"1":{"name":"(anonymous_1)","line":1,"loc":{"start":{"line":1,"column":50},"end":{"line":1,"column":75}}},"2":{"name":"(anonymous_2)","line":9,"loc":{"start":{"line":9,"column":2},"end":{"line":9,"column":29}}},"3":{"name":"(anonymous_3)","line":15,"loc":{"start":{"line":15,"column":2},"end":{"line":15,"column":29}}}},"statementMap":{"1":{"start":{"line":1,"column":0},"end":{"line":5,"column":1}},"2":{"start":{"line":3,"column":2},"end":{"line":3,"column":27}},"3":{"start":{"line":4,"column":2},"end":{"line":4,"column":12}},"4":{"start":{"line":7,"column":0},"end":{"line":11,"column":1}},"5":{"start":{"line":10,"column":2},"end":{"line":10,"column":46}},"6":{"start":{"line":13,"column":0},"end":{"line":17,"column":1}},"7":{"start":{"line":16,"column":2},"end":{"line":16,"column":71}}},"branchMap":{"1":{"line":1,"type":"binary-expr","locations":[{"start":{"line":1,"column":25},"end":{"line":1,"column":46}},{"start":{"line":1,"column":50},"end":{"line":5,"column":1}}]},"2":{"line":7,"type":"cond-expr","locations":[{"start":{"line":8,"column":2},"end":{"line":8,"column":49}},{"start":{"line":9,"column":2},"end":{"line":11,"column":1}}]},"3":{"line":13,"type":"cond-expr","locations":[{"start":{"line":14,"column":2},"end":{"line":14,"column":47}},{"start":{"line":15,"column":2},"end":{"line":17,"column":1}}]}},"code":["exports.setPrototypeOf = Object.setPrototypeOf || function(obj, prototype) {","  /* eslint no-proto: 0 */","  obj.__proto__ = prototype","  return obj","}","","exports.startsWith = String.prototype.startsWith ?","  Function.call.bind(String.prototype.startsWith) :","  function(haystack, needle) {","  return haystack.lastIndexOf(needle, 0) === 0","}","","exports.endsWith = String.prototype.endsWith ?","  Function.call.bind(String.prototype.endsWith) :","  function(haystack, needle) {","  return haystack.indexOf(needle, haystack.length - needle.length) >= 0","}",""],"l":{"1":1,"3":0,"4":0,"7":1,"10":0,"13":1,"16":0}}}